
2012-11-11 12:22:58.899 TCP Server Thread 3 has written the message: +OK POP3 server ready
2012-11-11 12:22:58.899 TCP Server Thread detected job: CAPA
2012-11-11 12:22:58.899 TCP Server Thread 3 has written the message: -ERR no valid command
2012-11-11 12:22:58.899 TCP Server Thread detected job: USER mett@bla.de
2012-11-11 12:22:58.899 TCP Server Thread 3 has written the message: +OK password required for user 'mett@bla.de'
2012-11-11 12:22:58.899 TCP Server Thread detected job: PASS mett
2012-11-11 12:22:58.909 TCP Server Thread 3 has written the message: +OK mett@bla.de has 2 massages
2012-11-11 12:22:58.909 TCP Server Thread detected job: STAT
2012-11-11 12:22:58.909 TCP Server Thread 3 has written the message: +OK 2
2012-11-11 12:22:58.909 TCP Server Thread detected job: LIST
2012-11-11 12:22:58.909 TCP Server Thread 3 has written the message: +OK 2 messages
2012-11-11 12:22:58.909 TCP Server Thread 3 has written the message: 1 28
2012-11-11 12:22:58.909 TCP Server Thread 3 has written the message: 2 28
2012-11-11 12:22:58.909 TCP Server Thread 3 has written the message: .
2012-11-11 12:22:58.909 TCP Server Thread detected job: UIDL
2012-11-11 12:22:58.909 TCP Server Thread 3 has written the message: +OK
2012-11-11 12:22:58.919 TCP Server Thread 3 has written the message: 10LyF7N-1TIv8m3Cr7-015NLa.txt
2012-11-11 12:22:58.919 TCP Server Thread 3 has written the message: 20MFvXW-1TaJbd0nd0-00FNl5.txt
2012-11-11 12:22:58.919 TCP Server Thread 3 has written the message: .
2012-11-11 12:22:58.93 TCP Server Thread detected job: RETR 1
2012-11-11 12:22:58.93 TCP Server Thread 3 has written the message: +OK
2012-11-11 12:22:58.96 TCP Server Thread detected job: DELE 1
2012-11-11 12:22:58.96 TCP Server Thread 3 has written the message: +OK message 1 deleted
2012-11-11 12:22:58.97 TCP Server Thread detected job: RETR 2
2012-11-11 12:22:58.97 TCP Server Thread 3 has written the message: +OK
2012-11-11 12:22:59.0 TCP Server Thread detected job: DELE 2
2012-11-11 12:22:59.0 TCP Server Thread 3 has written the message: +OK message 2 deleted
2012-11-11 12:22:59.02 TCP Server Thread detected job: QUIT
2012-11-11 12:22:59.02 TCP Server Thread 3 has written the message: +OK POP3 Server singing off
2012-11-11 12:25:26.144 +OK POP server ready H miweb107
2012-11-11 12:25:26.164 +OK POP server ready H miweb107
2012-11-11 12:25:26.164 TCP Client has sent the message: USER fhtestmailer@web.de
2012-11-11 12:25:26.224 +OK password required for user "fhtestmailer@web.de"
2012-11-11 12:25:26.224 TCP Client has sent the message: PASS fhtestmailer123
2012-11-11 12:25:26.364 +OK mailbox "fhtestmailer@web.de" has 3 messages (15538 octets) H miweb107
2012-11-11 12:25:26.364 TCP Client has sent the message: STAT
2012-11-11 12:25:26.464 +OK 3 15538
2012-11-11 12:25:26.464 TCP Client has sent the message: UIDL 1
2012-11-11 12:25:26.564 +OK 1 0MGCF5-1Ta2NH4APX-00Erci
2012-11-11 12:25:26.564 TCP Client has sent the message: RETR 1
2012-11-11 12:25:26.674 +OK
2012-11-11 12:25:26.674 Return-Path: janlepel@aol.com
2012-11-11 12:25:26.674 Received: from imr-mb02.mx.aol.com ([64.12.207.163]) by mx-ha.web.de
2012-11-11 12:25:26.684  (mxweb006) with ESMTP (Nemesis) id 0MGCF5-1Ta2NH4APX-00Erci for
2012-11-11 12:25:26.684  <fhtestmailer@web.de>; Sun, 11 Nov 2012 12:25:01 +0100
2012-11-11 12:25:26.684 Received: from mtaout-da04.r1000.mx.aol.com (mtaout-da04.r1000.mx.aol.com [172.29.51.132])
2012-11-11 12:25:26.684 	by imr-mb02.mx.aol.com (Outbound Mail Relay) with ESMTP id 68EDD380000BB
2012-11-11 12:25:26.684 	for <fhtestmailer@web.de>; Sun, 11 Nov 2012 06:25:00 -0500 (EST)
2012-11-11 12:25:26.684 Received: from DerDocPC (31-18-150-175-dynip.superkabel.de [31.18.150.175])
2012-11-11 12:25:26.684 	(using TLSv1 with cipher AES128-SHA (128/128 bits))
2012-11-11 12:25:26.684 	(No client certificate requested)
2012-11-11 12:25:26.694 	by mtaout-da04.r1000.mx.aol.com (MUA/Third Party Client Interface) with ESMTPSA id 98E15E0000E4
2012-11-11 12:25:26.694 	for <fhtestmailer@web.de>; Sun, 11 Nov 2012 06:24:59 -0500 (EST)
2012-11-11 12:25:26.694 From: "Jan Lepel" <janlepel@aol.com>
2012-11-11 12:25:26.694 To: <fhtestmailer@web.de>
2012-11-11 12:25:26.694 Subject: 111111111111
2012-11-11 12:25:26.694 Date: Sun, 11 Nov 2012 12:24:57 +0100
2012-11-11 12:25:26.694 Message-ID: <000a01cdbfff$2f775d90$8e6618b0$@aol.com>
2012-11-11 12:25:26.694 MIME-Version: 1.0
2012-11-11 12:25:26.694 Content-Type: multipart/alternative;
2012-11-11 12:25:26.704 	boundary="----=_NextPart_000_000B_01CDC007.913BC590"
2012-11-11 12:25:26.704 X-Mailer: Microsoft Outlook 14.0
2012-11-11 12:25:26.704 Thread-Index: Ac2//y5O9hFxBFEWTP6FBGk9y7wcFw==
2012-11-11 12:25:26.704 Content-Language: de
2012-11-11 12:25:26.704 x-aol-global-disposition: G
2012-11-11 12:25:26.704 DKIM-Signature: v=1; a=rsa-sha256; c=relaxed/relaxed; d=mx.aol.com;
2012-11-11 12:25:26.704 	s=20110426; t=1352633100;
2012-11-11 12:25:26.704 	bh=tcbWQ2fCtHesrbRZyE8o7zPedD1CauAzyAtCe4btlDc=;
2012-11-11 12:25:26.704 	h=From:To:Subject:Message-ID:Date:MIME-Version:Content-Type;
2012-11-11 12:25:26.714 	b=RXsKeg8WtTTfh31lDXqu93Tn8q/Qgmw/GRnFvzbn6bv843Xjjt2DzhsVYLgEmXoLo
2012-11-11 12:25:26.714 	 TfOmsT1EINdxxeuHCmcGuty9K2zVDlnjGua1eMc6crX7MuMnl3yysl6ldBYSUJdUyn
2012-11-11 12:25:26.714 	 GdU/2rGvqWstZhtdX0TUnxGr7wQw3vJQzvcNRews=
2012-11-11 12:25:26.714 X-AOL-SCOLL-SCORE: 0:5:52399568:93952408  
2012-11-11 12:25:26.714 X-AOL-SCOLL-URL_COUNT: 0  
2012-11-11 12:25:26.714 x-aol-sid: 3039ac1d3384509f8b0b7db5
2012-11-11 12:25:26.714 X-AOL-IP: 31.18.150.175
2012-11-11 12:25:26.714 Envelope-To: <fhtestmailer@web.de>
2012-11-11 12:25:26.714 X-UI-Filterresults: ;V01:K0:fwtjrOz2:e+vtrW4o7G6Zw2+LNA1wzx07/hwhFJTho0u
2012-11-11 12:25:26.714  ogheGLofUX7er8uOZpLA9pvRtI9v3nzLvT52jNu+bv+4utYhhp7tIM9RgNpuF5fIRCi0sEG
2012-11-11 12:25:26.714  3k+OBsa/nW05mbLBDCmuueRbn31kFpnErwjo5RO7W4O6B5X+A2LGrJ4fa2PbNct4zO/v6vG
2012-11-11 12:25:26.714  wscjn/TRd3icSiZpbo2MuYrv2KuhkubrF0eoHmRCb3dBxQ3qnRFoDF6vMGDiXCEk/yU3iiX
2012-11-11 12:25:26.714  WhOfs+3fzZhW950IRwV4s8ONNoL7FAUBeCz4eYdbblpSCke137c9wGMRWQ2wB0BABdbm2c7
2012-11-11 12:25:26.714  vjoTEIpMJ6VePahsSfsKaSI3yMgAJzzyl4p99O863sKhhcysKS5jM3e7Ezf/wmoZtkYswf4
2012-11-11 12:25:26.714  nJVkLVF9CYQeRux/MvaKaVVDPmRfvEOGhZWhmhMhs9aMvB6qlWFowoBlDdaEP4UIiJK/Hkz
2012-11-11 12:25:26.714  3qJui4vOGtDxcx2d53MIjWvYFk3LMp4ZNRCTQpZu61lwdruyoKaNS0lhS9ewwYrGcgjR6P2
2012-11-11 12:25:26.714  N4ZQNMGRqr4KnlpDQN9qp0baKqtL2uFVOMGxHMaaqnXA+hLsToxcb2GQUTGFaj4yanzB2BN
2012-11-11 12:25:26.724  34AJW369y/tooDBc8/8rwcKxoEvDe1WVWKJWG7ljA5KkPUf+6kKoZ0L3Xr7/akBeNmOMwvt
2012-11-11 12:25:26.724  mJaqVW35JFRY2TEtDpAh7OAdYyRpIL7B+t1kSiwOOPARiKCGDXFdbBXEjgMF1MPnsNIGULA
2012-11-11 12:25:26.724  fMiqNwJ1Ri3OC+IFlIZrS0tY5rIOeYBdF5BvObm/1R2yELvad882Fsn9Y3fGs37KyXSVpkp
2012-11-11 12:25:26.724  qBBaZAKTNTlP+btE6M3e+b1kqeeZEAWtlHizBV3uartMXOgb9i3imRnlfLM5CbF8vI03bB9
2012-11-11 12:25:26.724  el3/O9Bt7nXcKhszxilVBD5CsJudIZ7Z5m96xRtAjLDWlJ7U3dYjbP3YMmMdgwiYZVVxEHs
2012-11-11 12:25:26.724  RQw5BZu8VeDkvo6Ic2mrxglCswbmZgEfHEmJY9wanGAX9TxPzc2YKyfi7/AQAdNEPX9Jw6j
2012-11-11 12:25:26.724  /jCCnTKE/3hVnGD5BUftIu+Ozv0VrvB9MwKistgEqKurTdteCBd3PyD+rLaBLeVZzJUfv2n
2012-11-11 12:25:26.724  AcxeBEo7vGOBcYy3enLdZSXhsQLkfFeSBunVHuLe2KJXH2j8cbMWEFB2yRMzhfpGnWk1w2k
2012-11-11 12:25:26.724  m8g==
2012-11-11 12:25:26.724 
2012-11-11 12:25:26.724 This is a multipart message in MIME format.
2012-11-11 12:25:26.724 
2012-11-11 12:25:26.724 ------=_NextPart_000_000B_01CDC007.913BC590
2012-11-11 12:25:26.724 Content-Type: text/plain;
2012-11-11 12:25:26.724 	charset="us-ascii"
2012-11-11 12:25:26.724 Content-Transfer-Encoding: 7bit
2012-11-11 12:25:26.724 
2012-11-11 12:25:26.734  
2012-11-11 12:25:26.734 
2012-11-11 12:25:26.734 
2012-11-11 12:25:26.734 ------=_NextPart_000_000B_01CDC007.913BC590
2012-11-11 12:25:26.734 Content-Type: text/html;
2012-11-11 12:25:26.734 	charset="us-ascii"
2012-11-11 12:25:26.734 Content-Transfer-Encoding: quoted-printable
2012-11-11 12:25:26.734 
2012-11-11 12:25:26.734 <html xmlns:v=3D"urn:schemas-microsoft-com:vml" =
2012-11-11 12:25:26.734 xmlns:o=3D"urn:schemas-microsoft-com:office:office" =
2012-11-11 12:25:26.734 xmlns:w=3D"urn:schemas-microsoft-com:office:word" =
2012-11-11 12:25:26.734 xmlns:m=3D"http://schemas.microsoft.com/office/2004/12/omml" =
2012-11-11 12:25:26.734 xmlns=3D"http://www.w3.org/TR/REC-html40"><head><META =
2012-11-11 12:25:26.734 HTTP-EQUIV=3D"Content-Type" CONTENT=3D"text/html; =
2012-11-11 12:25:26.734 charset=3Dus-ascii"><meta name=3DGenerator content=3D"Microsoft Word 14 =
2012-11-11 12:25:26.734 (filtered medium)"><style><!--
2012-11-11 12:25:26.734 /* Font Definitions */
2012-11-11 12:25:26.744 @font-face
2012-11-11 12:25:26.744 	{font-family:"Cambria Math";
2012-11-11 12:25:26.744 	panose-1:2 4 5 3 5 4 6 3 2 4;}
2012-11-11 12:25:26.744 @font-face
2012-11-11 12:25:26.744 	{font-family:Calibri;
2012-11-11 12:25:26.744 	panose-1:2 15 5 2 2 2 4 3 2 4;}
2012-11-11 12:25:26.744 /* Style Definitions */
2012-11-11 12:25:26.744 p.MsoNormal, li.MsoNormal, div.MsoNormal
2012-11-11 12:25:26.744 	{margin:0cm;
2012-11-11 12:25:26.744 	margin-bottom:.0001pt;
2012-11-11 12:25:26.744 	font-size:11.0pt;
2012-11-11 12:25:26.744 	font-family:"Calibri","sans-serif";
2012-11-11 12:25:26.744 	mso-fareast-language:EN-US;}
2012-11-11 12:25:26.744 a:link, span.MsoHyperlink
2012-11-11 12:25:26.744 	{mso-style-priority:99;
2012-11-11 12:25:26.744 	color:blue;
2012-11-11 12:25:26.744 	text-decoration:underline;}
2012-11-11 12:25:26.754 a:visited, span.MsoHyperlinkFollowed
2012-11-11 12:25:26.754 	{mso-style-priority:99;
2012-11-11 12:25:26.754 	color:purple;
2012-11-11 12:25:26.754 	text-decoration:underline;}
2012-11-11 12:25:26.754 span.E-MailFormatvorlage17
2012-11-11 12:25:26.754 	{mso-style-type:personal-compose;
2012-11-11 12:25:26.754 	font-family:"Calibri","sans-serif";
2012-11-11 12:25:26.754 	color:windowtext;}
2012-11-11 12:25:26.754 ..MsoChpDefault
2012-11-11 12:25:26.754 	{mso-style-type:export-only;
2012-11-11 12:25:26.754 	font-family:"Calibri","sans-serif";
2012-11-11 12:25:26.754 	mso-fareast-language:EN-US;}
2012-11-11 12:25:26.754 @page WordSection1
2012-11-11 12:25:26.754 	{size:612.0pt 792.0pt;
2012-11-11 12:25:26.754 	margin:70.85pt 70.85pt 2.0cm 70.85pt;}
2012-11-11 12:25:26.754 div.WordSection1
2012-11-11 12:25:26.754 	{page:WordSection1;}
2012-11-11 12:25:26.764 --></style><!--[if gte mso 9]><xml>
2012-11-11 12:25:26.764 <o:shapedefaults v:ext=3D"edit" spidmax=3D"1026" />
2012-11-11 12:25:26.764 </xml><![endif]--><!--[if gte mso 9]><xml>
2012-11-11 12:25:26.764 <o:shapelayout v:ext=3D"edit">
2012-11-11 12:25:26.764 <o:idmap v:ext=3D"edit" data=3D"1" />
2012-11-11 12:25:26.764 </o:shapelayout></xml><![endif]--></head><body lang=3DDE link=3Dblue =
2012-11-11 12:25:26.764 vlink=3Dpurple><div class=3DWordSection1><p =
2012-11-11 12:25:26.764 class=3DMsoNormal><o:p>&nbsp;</o:p></p></div></body></html>
2012-11-11 12:25:26.764 ------=_NextPart_000_000B_01CDC007.913BC590--
2012-11-11 12:25:26.764 
2012-11-11 12:25:26.764 .
2012-11-11 12:25:26.764 TCP Client has sent the message: DELE 1
2012-11-11 12:25:26.864 +OK
2012-11-11 12:25:26.864 TCP Client has sent the message: UIDL 2
2012-11-11 12:25:26.964 +OK 2 0MfWod-1Thl4z3kiJ-00OZll
2012-11-11 12:25:26.964 TCP Client has sent the message: RETR 2
2012-11-11 12:25:27.074 +OK
2012-11-11 12:25:27.074 Return-Path: janlepel@aol.com
2012-11-11 12:25:27.074 Received: from imr-ma04.mx.aol.com ([64.12.206.42]) by mx-ha.web.de (mxweb003)
2012-11-11 12:25:27.074  with ESMTP (Nemesis) id 0MfWod-1Thl4z3kiJ-00OZll for <fhtestmailer@web.de>;
2012-11-11 12:25:27.074  Sun, 11 Nov 2012 12:25:07 +0100
2012-11-11 12:25:27.084 Received: from mtaout-da04.r1000.mx.aol.com (mtaout-da04.r1000.mx.aol.com [172.29.51.132])
2012-11-11 12:25:27.084 	by imr-ma04.mx.aol.com (8.14.1/8.14.1) with ESMTP id qABBP30Y023728
2012-11-11 12:25:27.084 	for <fhtestmailer@web.de>; Sun, 11 Nov 2012 06:25:03 -0500
2012-11-11 12:25:27.084 Received: from DerDocPC (31-18-150-175-dynip.superkabel.de [31.18.150.175])
2012-11-11 12:25:27.084 	(using TLSv1 with cipher AES128-SHA (128/128 bits))
2012-11-11 12:25:27.084 	(No client certificate requested)
2012-11-11 12:25:27.084 	by mtaout-da04.r1000.mx.aol.com (MUA/Third Party Client Interface) with ESMTPSA id 6C371E0000EB
2012-11-11 12:25:27.084 	for <fhtestmailer@web.de>; Sun, 11 Nov 2012 06:25:02 -0500 (EST)
2012-11-11 12:25:27.094 From: "Jan Lepel" <janlepel@aol.com>
2012-11-11 12:25:27.095 To: <fhtestmailer@web.de>
2012-11-11 12:25:27.095 Subject: 2222222222
2012-11-11 12:25:27.095 Date: Sun, 11 Nov 2012 12:25:02 +0100
2012-11-11 12:25:27.095 Message-ID: <000f01cdbfff$31255bb0$93701310$@aol.com>
2012-11-11 12:25:27.095 MIME-Version: 1.0
2012-11-11 12:25:27.095 Content-Type: multipart/alternative;
2012-11-11 12:25:27.095 	boundary="----=_NextPart_000_0010_01CDC007.92E9C3B0"
2012-11-11 12:25:27.095 X-Mailer: Microsoft Outlook 14.0
2012-11-11 12:25:27.105 Thread-Index: Ac2//zDUN8yAiP+FQUO9ARn8C7/mMg==
2012-11-11 12:25:27.105 Content-Language: de
2012-11-11 12:25:27.105 x-aol-global-disposition: G
2012-11-11 12:25:27.105 DKIM-Signature: v=1; a=rsa-sha256; c=relaxed/relaxed; d=mx.aol.com;
2012-11-11 12:25:27.105 	s=20110426; t=1352633102;
2012-11-11 12:25:27.105 	bh=pEAzxCoInGvNfOB3kP1AIMsO4W/J4TXvjL0S7WHHP1A=;
2012-11-11 12:25:27.105 	h=From:To:Subject:Message-ID:Date:MIME-Version:Content-Type;
2012-11-11 12:25:27.105 	b=cOo6OqKstThmfyvDiLuL2CCh/D4rUq+bFyxCnpf3k2sTi1XCMMgoSu/jdI5FcLMh8
2012-11-11 12:25:27.105 	 d1ojJ+8VyNuTgkh9t2fO+BLM2b96cJGa5UWDPRl5QNx/csG+xOAf3DuorqeLEKhYGB
2012-11-11 12:25:27.105 	 zckSv6Zb8jfW6hLqYhWGklmORTdD+2ChJDsaUVzU=
2012-11-11 12:25:27.105 X-AOL-SCOLL-SCORE: 0:5:52399568:93952408  
2012-11-11 12:25:27.105 X-AOL-SCOLL-URL_COUNT: 0  
2012-11-11 12:25:27.105 x-aol-sid: 3039ac1d3384509f8b0e7e0d
2012-11-11 12:25:27.115 X-AOL-IP: 31.18.150.175
2012-11-11 12:25:27.115 Envelope-To: <fhtestmailer@web.de>
2012-11-11 12:25:27.115 X-UI-Filterresults: ;V01:K0:SRM0TKAF:IcpTuEr0zV82R+jtzbU0tefJmUTlAqly2aG
2012-11-11 12:25:27.115  LTe0ILpAkgKcvPtS1niHbI3gSciEJSsehk804svDBgbG7cs85P+9uXpyFkhKrAGS4plck/s
2012-11-11 12:25:27.115  PL4FUdu/cy/tTpHMVyRZbRVIcE0qyF63y5vC6eAyCoSOhN4H2E9IRtsUu5DnjNZGzEO8rrj
2012-11-11 12:25:27.115  tHQZgBXVGsD72n+c+vSRTE/5yi17ukp2eMUqHA+FY8oi16WihLk6H2EhNg+4FhNKwXgiMn3
2012-11-11 12:25:27.115  rA/GTHFHO4nocvHLejRfQRn3uRrn2wp1nUTkt+yWgQBvDUaRDs44ua2udYlEnTFL5mO26qM
2012-11-11 12:25:27.115  3NR48sZMUa6TCPyLYPRfzhguylU4If2M7WfRWtmlZK05+lAT/luwr9KqINz1KmOTV/lzqRP
2012-11-11 12:25:27.115  sqvA9kKr0v3a1l9bbOw6J0Safknv6QfGZry26rpBcg1QmRqe3sPMmOz/l6gNYk8MsQc8Mts
2012-11-11 12:25:27.115  P4x39EDjaMhKKmJl3YU4FSAA1miLr9PJYUS1JO14ufK0vIVmZpvKKXatvPvqNxdwDiiULdT
2012-11-11 12:25:27.115  OHz5Ud4SZwX80x9P9ynrz9+YGVoeTmNnXfeHKgKf2I5W7BP+g1r2M5wDqUNcstgUpGy1bPn
2012-11-11 12:25:27.115  6ffCjZDA6Pg/ETxM5Kc0Rno4qtf3xGE2bpXg7Aae551weqzJBI4+lsmzWnU9LD/3qpkEiQx
2012-11-11 12:25:27.115  xGxhiTiG1CirOphoPwRBB3qY8RH4NccR8xRR3PKSpqw5jYJvvGDKRfAtD8o2UmZADIkFv06
2012-11-11 12:25:27.115  18xUX5aYfnMOed7KFKDjinqYhmPEHxUmRiYivZuZVTuxDP8BdpjbgnFgEFwyJM2kj36DrOR
2012-11-11 12:25:27.125  UqTnl40dpHyHHAJzPgCNpgZGaGFp8mSkX2zlbxd+D1w5jX7os3+BAK7fRBBom0SwsPTID0W
2012-11-11 12:25:27.125  ur/rmantRNbAlE8aDOIDyE8O1Ew0A+YaB8MHK0t6n1//5u3IuAvSOEz+/hxztU4YsAGJgLY
2012-11-11 12:25:27.125  U76f0VBWT0pkESXGEsrJzL/D6ox6Bpr7bV4CBsAB5BRNkX9YucOJC3/I1bne0uta7sn7JbH
2012-11-11 12:25:27.125  3YPUWbS3tcPQ9qG2C91iLgQEX1dY/rJNuFRnMGXbimnljTNGPl4idI8+STCLJnNGYy316nL
2012-11-11 12:25:27.125  b184YWrQOX0nxAFmq3m0MHYJRNYZDnxoKlZJd9Um7vQgvMhMyUIsczUfaJ1JvQTSuTYFUOS
2012-11-11 12:25:27.125  hXQ==
2012-11-11 12:25:27.125 
2012-11-11 12:25:27.125 This is a multipart message in MIME format.
2012-11-11 12:25:27.125 
2012-11-11 12:25:27.125 ------=_NextPart_000_0010_01CDC007.92E9C3B0
2012-11-11 12:25:27.125 Content-Type: text/plain;
2012-11-11 12:25:27.125 	charset="us-ascii"
2012-11-11 12:25:27.125 Content-Transfer-Encoding: 7bit
2012-11-11 12:25:27.125 
2012-11-11 12:25:27.135  
2012-11-11 12:25:27.135 
2012-11-11 12:25:27.135 
2012-11-11 12:25:27.135 ------=_NextPart_000_0010_01CDC007.92E9C3B0
2012-11-11 12:25:27.135 Content-Type: text/html;
2012-11-11 12:25:27.135 	charset="us-ascii"
2012-11-11 12:25:27.135 Content-Transfer-Encoding: quoted-printable
2012-11-11 12:25:27.135 
2012-11-11 12:25:27.135 <html xmlns:v=3D"urn:schemas-microsoft-com:vml" =
2012-11-11 12:25:27.135 xmlns:o=3D"urn:schemas-microsoft-com:office:office" =
2012-11-11 12:25:27.135 xmlns:w=3D"urn:schemas-microsoft-com:office:word" =
2012-11-11 12:25:27.135 xmlns:m=3D"http://schemas.microsoft.com/office/2004/12/omml" =
2012-11-11 12:25:27.135 xmlns=3D"http://www.w3.org/TR/REC-html40"><head><META =
2012-11-11 12:25:27.135 HTTP-EQUIV=3D"Content-Type" CONTENT=3D"text/html; =
2012-11-11 12:25:27.145 charset=3Dus-ascii"><meta name=3DGenerator content=3D"Microsoft Word 14 =
2012-11-11 12:25:27.145 (filtered medium)"><style><!--
2012-11-11 12:25:27.145 /* Font Definitions */
2012-11-11 12:25:27.145 @font-face
2012-11-11 12:25:27.145 	{font-family:"Cambria Math";
2012-11-11 12:25:27.145 	panose-1:2 4 5 3 5 4 6 3 2 4;}
2012-11-11 12:25:27.145 @font-face
2012-11-11 12:25:27.145 	{font-family:Calibri;
2012-11-11 12:25:27.145 	panose-1:2 15 5 2 2 2 4 3 2 4;}
2012-11-11 12:25:27.145 /* Style Definitions */
2012-11-11 12:25:27.145 p.MsoNormal, li.MsoNormal, div.MsoNormal
2012-11-11 12:25:27.145 	{margin:0cm;
2012-11-11 12:25:27.145 	margin-bottom:.0001pt;
2012-11-11 12:25:27.145 	font-size:11.0pt;
2012-11-11 12:25:27.155 	font-family:"Calibri","sans-serif";
2012-11-11 12:25:27.155 	mso-fareast-language:EN-US;}
2012-11-11 12:25:27.155 a:link, span.MsoHyperlink
2012-11-11 12:25:27.155 	{mso-style-priority:99;
2012-11-11 12:25:27.155 	color:blue;
2012-11-11 12:25:27.155 	text-decoration:underline;}
2012-11-11 12:25:27.155 a:visited, span.MsoHyperlinkFollowed
2012-11-11 12:25:27.155 	{mso-style-priority:99;
2012-11-11 12:25:27.155 	color:purple;
2012-11-11 12:25:27.155 	text-decoration:underline;}
2012-11-11 12:25:27.155 span.E-MailFormatvorlage17
2012-11-11 12:25:27.155 	{mso-style-type:personal-compose;
2012-11-11 12:25:27.155 	font-family:"Calibri","sans-serif";
2012-11-11 12:25:27.155 	color:windowtext;}
2012-11-11 12:25:27.165 ..MsoChpDefault
2012-11-11 12:25:27.165 	{mso-style-type:export-only;
2012-11-11 12:25:27.165 	font-family:"Calibri","sans-serif";
2012-11-11 12:25:27.165 	mso-fareast-language:EN-US;}
2012-11-11 12:25:27.165 @page WordSection1
2012-11-11 12:25:27.165 	{size:612.0pt 792.0pt;
2012-11-11 12:25:27.165 	margin:70.85pt 70.85pt 2.0cm 70.85pt;}
2012-11-11 12:25:27.165 div.WordSection1
2012-11-11 12:25:27.165 	{page:WordSection1;}
2012-11-11 12:25:27.165 --></style><!--[if gte mso 9]><xml>
2012-11-11 12:25:27.165 <o:shapedefaults v:ext=3D"edit" spidmax=3D"1026" />
2012-11-11 12:25:27.165 </xml><![endif]--><!--[if gte mso 9]><xml>
2012-11-11 12:25:27.165 <o:shapelayout v:ext=3D"edit">
2012-11-11 12:25:27.165 <o:idmap v:ext=3D"edit" data=3D"1" />
2012-11-11 12:25:27.175 </o:shapelayout></xml><![endif]--></head><body lang=3DDE link=3Dblue =
2012-11-11 12:25:27.175 vlink=3Dpurple><div class=3DWordSection1><p =
2012-11-11 12:25:27.175 class=3DMsoNormal><o:p>&nbsp;</o:p></p></div></body></html>
2012-11-11 12:25:27.175 ------=_NextPart_000_0010_01CDC007.92E9C3B0--
2012-11-11 12:25:27.175 
2012-11-11 12:25:27.175 .
2012-11-11 12:25:27.175 TCP Client has sent the message: DELE 2
2012-11-11 12:25:27.275 +OK
2012-11-11 12:25:27.275 TCP Client has sent the message: UIDL 3
2012-11-11 12:25:27.375 +OK 3 0LflAA-1Szrjz0Bpq-00pWLG
2012-11-11 12:25:27.385 TCP Client has sent the message: RETR 3
2012-11-11 12:25:27.485 +OK
2012-11-11 12:25:27.485 Return-Path: janlepel@aol.com
2012-11-11 12:25:27.495 Received: from imr-db02.mx.aol.com ([205.188.91.96]) by mx-ha.web.de
2012-11-11 12:25:27.495  (mxweb004) with ESMTP (Nemesis) id 0LflAA-1Szrjz0Bpq-00pWLG for
2012-11-11 12:25:27.495  <fhtestmailer@web.de>; Sun, 11 Nov 2012 12:25:09 +0100
2012-11-11 12:25:27.495 Received: from mtaout-da06.r1000.mx.aol.com (mtaout-da06.r1000.mx.aol.com [172.29.51.134])
2012-11-11 12:25:27.495 	by imr-db02.mx.aol.com (Outbound Mail Relay) with ESMTP id 83AD11C000043
2012-11-11 12:25:27.495 	for <fhtestmailer@web.de>; Sun, 11 Nov 2012 06:25:08 -0500 (EST)
2012-11-11 12:25:27.495 Received: from DerDocPC (31-18-150-175-dynip.superkabel.de [31.18.150.175])
2012-11-11 12:25:27.505 	(using TLSv1 with cipher AES128-SHA (128/128 bits))
2012-11-11 12:25:27.505 	(No client certificate requested)
2012-11-11 12:25:27.505 	by mtaout-da06.r1000.mx.aol.com (MUA/Third Party Client Interface) with ESMTPSA id 0A9C6E0000B1
2012-11-11 12:25:27.505 	for <fhtestmailer@web.de>; Sun, 11 Nov 2012 06:25:07 -0500 (EST)
2012-11-11 12:25:27.505 From: "Jan Lepel" <janlepel@aol.com>
2012-11-11 12:25:27.505 To: <fhtestmailer@web.de>
2012-11-11 12:25:27.505 Subject: 333333333
2012-11-11 12:25:27.505 Date: Sun, 11 Nov 2012 12:25:06 +0100
2012-11-11 12:25:27.515 Message-ID: <001401cdbfff$347c4ee0$9d74eca0$@aol.com>
2012-11-11 12:25:27.515 MIME-Version: 1.0
2012-11-11 12:25:27.515 Content-Type: multipart/alternative;
2012-11-11 12:25:27.515 	boundary="----=_NextPart_000_0015_01CDC007.9640B6E0"
2012-11-11 12:25:27.515 X-Mailer: Microsoft Outlook 14.0
2012-11-11 12:25:27.515 Thread-Index: Ac2//zNhrGqz5Ve+TJ+gHHUfbdMi/g==
2012-11-11 12:25:27.515 Content-Language: de
2012-11-11 12:25:27.515 x-aol-global-disposition: G
2012-11-11 12:25:27.515 DKIM-Signature: v=1; a=rsa-sha256; c=relaxed/relaxed; d=mx.aol.com;
2012-11-11 12:25:27.525 	s=20110426; t=1352633108;
2012-11-11 12:25:27.525 	bh=1S8TVXGIYD7Xw2Oobn30vpMLd7m1Sr5FcGpTcuUZLKM=;
2012-11-11 12:25:27.525 	h=From:To:Subject:Message-ID:Date:MIME-Version:Content-Type;
2012-11-11 12:25:27.525 	b=rV0V6I95eWxQLIYMtO4PsvHq8PaclZ/wyMa9wMcNmBZLYEnexUtCPndSXRlNReIKo
2012-11-11 12:25:27.525 	 4CaG2NibV61YpL9vTKfMw3vLYkVrrsNBAOHxUq2z7fOg4RTJpUU2fdVLEL0f0S3I+1
2012-11-11 12:25:27.525 	 iLNuZGTL/9/BbffR9fk+iBeocub2OF98JuStn3aQ=
2012-11-11 12:25:27.525 X-AOL-SCOLL-SCORE: 0:5:52399568:93952408  
2012-11-11 12:25:27.525 X-AOL-SCOLL-URL_COUNT: 0  
2012-11-11 12:25:27.525 x-aol-sid: 3039ac1d3386509f8b134257
2012-11-11 12:25:27.525 X-AOL-IP: 31.18.150.175
2012-11-11 12:25:27.525 Envelope-To: <fhtestmailer@web.de>
2012-11-11 12:25:27.525 X-UI-Filterresults: ;V01:K0:2fuXCr+y:hizcBPRAs1WhF1KRugiuyLcbMwh3rDG9n74
2012-11-11 12:25:27.525  q6czdmOgmjdLPfGAOix+cY5aPUFOW011GyfkmB/TEVbuR9NBwqUso9lffd8wgijW10O7H0A
2012-11-11 12:25:27.525  9RlP/1G8gLGjytljF9+n5pntYXonuqqRlwu5icZ9cHtWhtzaqv0O7EPalMDqchHTx80fWd2
2012-11-11 12:25:27.525  XeIdFR39YL8IYMgBS8/OwWzg5ssHQ4qsfGpgZyMtjuG4FvTMsiUSIE2jLUkl/913oGGFp76
2012-11-11 12:25:27.525  JEef87vv/PGf3GYC0c4/VIJf+PBWgcFY7TP+dXYI6AHtRKLRFlzrSMYmHGhEHnNiZHoePBp
2012-11-11 12:25:27.525  4LGiTj4BpLeWaK/o4TQpAzmFhRDeessBkgSXjiE6tWxlHhGO9gGzBDnziyfi8XjWSsoVjCP
2012-11-11 12:25:27.525  og/OuL17QiqU0UZVt3WhMDMGI7EFoTEWw12JuxHIZ6Dilqt+bRO2RFrfyN/KgODV4up35Dl
2012-11-11 12:25:27.535  JOtwrWUyhe8qHff3slhpRu51smWmkw4yc+Ssp9Nia3KOgJfTOZUWo+b/qtdVKNIzWBd+S8q
2012-11-11 12:25:27.535  DYiyN6DUQLs4o051bgkXS1w0F42Ki7sxNAF1QupYbbXQlB15Lchx5ptTblCfgt8MqrcQSmL
2012-11-11 12:25:27.535  ridgnB5tGygWLw/pyOYCVdEHZJY7JVoA4oiHWmHmf8f1pXQbT46KauWETYOt71oBHsuJ/fq
2012-11-11 12:25:27.535  YrkOkh2Kjl8mO1qtm4TGlouZSi0HsHVO8oYXfMhrK5qCFQl2TGQcmvueSwf9egaCWcLjnq0
2012-11-11 12:25:27.535  J2IBbQgZJD44CVjT9231rYiXKBQHBRg46iZBIGHWgCKlVWrQR7LMeL/fDKm7ZFLWqXkwiof
2012-11-11 12:25:27.535  +HcMqwuSZtdWBSU2Fp7uwrSomnY49gT98hr73lZ/WqvgeIe3qiCRCOw+peLOOe6vfRlWWwM
2012-11-11 12:25:27.535  IpLl5NJZB6bBw1AhbcY7JRT1+PwL7IxTyi5N1twQz0PYlhKK3XAJlMGFIgY7Obe6r7lF0We
2012-11-11 12:25:27.535  4oAif4sRaNndetcLNTLYKPfcCI/jbPKP+Ut9xl5TuehSvIbtF53V8CR5D+Eyp2nw8cNAlX/
2012-11-11 12:25:27.535  /yM0LhPhQIw5hKkpm1Hp7bUaRiF5muUs20tUi0d4T8cPlpIVmYWk2ZIFLm0BCvhe5M+1gV9
2012-11-11 12:25:27.535  H4bHIKn1TsXl1GtQZJcWcOr171xm2n2P5kn7AEbUnoZlzW7DKTGZZ88YKHzHuLMNVPL6x4S
2012-11-11 12:25:27.535  jvA==
2012-11-11 12:25:27.535 
2012-11-11 12:25:27.535 This is a multipart message in MIME format.
2012-11-11 12:25:27.535 
2012-11-11 12:25:27.535 ------=_NextPart_000_0015_01CDC007.9640B6E0
2012-11-11 12:25:27.535 Content-Type: text/plain;
2012-11-11 12:25:27.535 	charset="us-ascii"
2012-11-11 12:25:27.535 Content-Transfer-Encoding: 7bit
2012-11-11 12:25:27.545 
2012-11-11 12:25:27.545  
2012-11-11 12:25:27.545 
2012-11-11 12:25:27.545 
2012-11-11 12:25:27.545 ------=_NextPart_000_0015_01CDC007.9640B6E0
2012-11-11 12:25:27.545 Content-Type: text/html;
2012-11-11 12:25:27.545 	charset="us-ascii"
2012-11-11 12:25:27.545 Content-Transfer-Encoding: quoted-printable
2012-11-11 12:25:27.545 
2012-11-11 12:25:27.545 <html xmlns:v=3D"urn:schemas-microsoft-com:vml" =
2012-11-11 12:25:27.545 xmlns:o=3D"urn:schemas-microsoft-com:office:office" =
2012-11-11 12:25:27.545 xmlns:w=3D"urn:schemas-microsoft-com:office:word" =
2012-11-11 12:25:27.545 xmlns:m=3D"http://schemas.microsoft.com/office/2004/12/omml" =
2012-11-11 12:25:27.545 xmlns=3D"http://www.w3.org/TR/REC-html40"><head><META =
2012-11-11 12:25:27.545 HTTP-EQUIV=3D"Content-Type" CONTENT=3D"text/html; =
2012-11-11 12:25:27.545 charset=3Dus-ascii"><meta name=3DGenerator content=3D"Microsoft Word 14 =
2012-11-11 12:25:27.545 (filtered medium)"><style><!--
2012-11-11 12:25:27.545 /* Font Definitions */
2012-11-11 12:25:27.555 @font-face
2012-11-11 12:25:27.555 	{font-family:"Cambria Math";
2012-11-11 12:25:27.555 	panose-1:2 4 5 3 5 4 6 3 2 4;}
2012-11-11 12:25:27.555 @font-face
2012-11-11 12:25:27.555 	{font-family:Calibri;
2012-11-11 12:25:27.555 	panose-1:2 15 5 2 2 2 4 3 2 4;}
2012-11-11 12:25:27.555 /* Style Definitions */
2012-11-11 12:25:27.555 p.MsoNormal, li.MsoNormal, div.MsoNormal
2012-11-11 12:25:27.555 	{margin:0cm;
2012-11-11 12:25:27.555 	margin-bottom:.0001pt;
2012-11-11 12:25:27.555 	font-size:11.0pt;
2012-11-11 12:25:27.555 	font-family:"Calibri","sans-serif";
2012-11-11 12:25:27.555 	mso-fareast-language:EN-US;}
2012-11-11 12:25:27.555 a:link, span.MsoHyperlink
2012-11-11 12:25:27.555 	{mso-style-priority:99;
2012-11-11 12:25:27.555 	color:blue;
2012-11-11 12:25:27.555 	text-decoration:underline;}
2012-11-11 12:25:27.555 a:visited, span.MsoHyperlinkFollowed
2012-11-11 12:25:27.555 	{mso-style-priority:99;
2012-11-11 12:25:27.565 	color:purple;
2012-11-11 12:25:27.565 	text-decoration:underline;}
2012-11-11 12:25:27.565 span.E-MailFormatvorlage17
2012-11-11 12:25:27.565 	{mso-style-type:personal-compose;
2012-11-11 12:25:27.565 	font-family:"Calibri","sans-serif";
2012-11-11 12:25:27.565 	color:windowtext;}
2012-11-11 12:25:27.565 ..MsoChpDefault
2012-11-11 12:25:27.565 	{mso-style-type:export-only;
2012-11-11 12:25:27.565 	font-family:"Calibri","sans-serif";
2012-11-11 12:25:27.565 	mso-fareast-language:EN-US;}
2012-11-11 12:25:27.565 @page WordSection1
2012-11-11 12:25:27.565 	{size:612.0pt 792.0pt;
2012-11-11 12:25:27.565 	margin:70.85pt 70.85pt 2.0cm 70.85pt;}
2012-11-11 12:25:27.565 div.WordSection1
2012-11-11 12:25:27.565 	{page:WordSection1;}
2012-11-11 12:25:27.565 --></style><!--[if gte mso 9]><xml>
2012-11-11 12:25:27.565 <o:shapedefaults v:ext=3D"edit" spidmax=3D"1026" />
2012-11-11 12:25:27.565 </xml><![endif]--><!--[if gte mso 9]><xml>
2012-11-11 12:25:27.565 <o:shapelayout v:ext=3D"edit">
2012-11-11 12:25:27.575 <o:idmap v:ext=3D"edit" data=3D"1" />
2012-11-11 12:25:27.575 </o:shapelayout></xml><![endif]--></head><body lang=3DDE link=3Dblue =
2012-11-11 12:25:27.575 vlink=3Dpurple><div class=3DWordSection1><p =
2012-11-11 12:25:27.575 class=3DMsoNormal><o:p>&nbsp;</o:p></p></div></body></html>
2012-11-11 12:25:27.575 ------=_NextPart_000_0015_01CDC007.9640B6E0--
2012-11-11 12:25:27.575 
2012-11-11 12:25:27.575 .
2012-11-11 12:25:27.575 TCP Client has sent the message: DELE 3
2012-11-11 12:25:27.675 +OK
2012-11-11 12:25:27.675 TCP Client has sent the message: QUIT
2012-11-11 12:25:34.78 TCP Server Thread 4 has written the message: +OK POP3 server ready
2012-11-11 12:25:34.78 TCP Server Thread detected job: CAPA
2012-11-11 12:25:34.78 TCP Server Thread 4 has written the message: -ERR no valid command
2012-11-11 12:25:34.78 TCP Server Thread detected job: USER mett@bla.de
2012-11-11 12:25:34.78 TCP Server Thread 4 has written the message: +OK password required for user 'mett@bla.de'
2012-11-11 12:25:34.78 TCP Server Thread detected job: PASS mett
2012-11-11 12:25:34.78 TCP Server Thread 4 has written the message: +OK mett@bla.de has 3 massages
2012-11-11 12:25:34.78 TCP Server Thread detected job: STAT
2012-11-11 12:25:34.78 TCP Server Thread 4 has written the message: +OK 3
2012-11-11 12:25:34.78 TCP Server Thread detected job: LIST
2012-11-11 12:25:34.78 TCP Server Thread 4 has written the message: +OK 3 messages
2012-11-11 12:25:34.78 TCP Server Thread 4 has written the message: 1 28
2012-11-11 12:25:34.78 TCP Server Thread 4 has written the message: 2 28
2012-11-11 12:25:34.796 TCP Server Thread 4 has written the message: 3 28
2012-11-11 12:25:34.796 TCP Server Thread 4 has written the message: .
2012-11-11 12:25:34.811 TCP Server Thread detected job: UIDL
2012-11-11 12:25:34.812 TCP Server Thread 4 has written the message: +OK
2012-11-11 12:25:34.812 TCP Server Thread 4 has written the message: 10LflAA-1Szrjz0Bpq-00pWLG.txt
2012-11-11 12:25:34.812 TCP Server Thread 4 has written the message: 20MfWod-1Thl4z3kiJ-00OZll.txt
2012-11-11 12:25:34.812 TCP Server Thread 4 has written the message: 30MGCF5-1Ta2NH4APX-00Erci.txt
2012-11-11 12:25:34.812 TCP Server Thread 4 has written the message: .
2012-11-11 12:25:34.812 TCP Server Thread detected job: RETR 1
2012-11-11 12:25:34.812 TCP Server Thread 4 has written the message: +OK
2012-11-11 12:25:34.828 TCP Server Thread detected job: DELE 1
2012-11-11 12:25:34.828 TCP Server Thread 4 has written the message: +OK message 1 deleted
2012-11-11 12:25:34.828 TCP Server Thread detected job: RETR 2
2012-11-11 12:25:34.828 TCP Server Thread 4 has written the message: +OK
2012-11-11 12:25:34.859 TCP Server Thread detected job: DELE 2
2012-11-11 12:25:34.859 TCP Server Thread 4 has written the message: +OK message 2 deleted
2012-11-11 12:25:34.859 TCP Server Thread detected job: RETR 3
2012-11-11 12:25:34.859 TCP Server Thread 4 has written the message: +OK
2012-11-11 12:25:34.89 TCP Server Thread detected job: DELE 3
2012-11-11 12:25:34.89 TCP Server Thread 4 has written the message: +OK message 3 deleted
2012-11-11 12:25:34.89 TCP Server Thread detected job: QUIT
2012-11-11 12:25:34.89 TCP Server Thread 4 has written the message: +OK POP3 Server singing off
2012-11-11 12:31:27.848 TCP Server Thread 5 has written the message: +OK POP3 server ready
2012-11-11 12:31:27.848 TCP Server Thread detected job: CAPA
2012-11-11 12:31:27.848 TCP Server Thread 5 has written the message: -ERR no valid command
2012-11-11 12:31:27.848 TCP Server Thread detected job: USER mett@bla.de
2012-11-11 12:31:27.848 TCP Server Thread 5 has written the message: +OK password required for user 'mett@bla.de'
2012-11-11 12:31:27.848 TCP Server Thread detected job: PASS mett
2012-11-11 12:31:27.848 TCP Server Thread 5 has written the message: +OK mett@bla.de has 0 massages
2012-11-11 12:31:27.848 TCP Server Thread detected job: STAT
2012-11-11 12:31:27.848 TCP Server Thread 5 has written the message: +OK 0
2012-11-11 12:31:27.863 TCP Server Thread detected job: QUIT
2012-11-11 12:31:27.863 TCP Server Thread 5 has written the message: +OK POP3 Server singing off
2012-11-11 12:41:27.832 TCP Server Thread 6 has written the message: +OK POP3 server ready
2012-11-11 12:41:27.832 TCP Server Thread detected job: CAPA
2012-11-11 12:41:27.832 TCP Server Thread 6 has written the message: -ERR no valid command
2012-11-11 12:41:27.832 TCP Server Thread detected job: USER mett@bla.de
2012-11-11 12:41:27.832 TCP Server Thread 6 has written the message: +OK password required for user 'mett@bla.de'
2012-11-11 12:41:27.832 TCP Server Thread detected job: PASS mett
2012-11-11 12:41:27.832 TCP Server Thread 6 has written the message: +OK mett@bla.de has 0 massages
2012-11-11 12:41:27.842 TCP Server Thread detected job: STAT
2012-11-11 12:41:27.842 TCP Server Thread 6 has written the message: +OK 0
2012-11-11 12:41:27.842 TCP Server Thread detected job: QUIT
2012-11-11 12:41:27.842 TCP Server Thread 6 has written the message: +OK POP3 Server singing off
2012-11-11 12:42:25.638 +OK POP server ready H miweb107
2012-11-11 12:42:25.648 +OK POP server ready H miweb107
2012-11-11 12:42:25.648 TCP Client has sent the message: USER fhtestmailer@web.de
2012-11-11 12:42:25.698 +OK password required for user "fhtestmailer@web.de"
2012-11-11 12:42:25.698 TCP Client has sent the message: PASS fhtestmailer123
2012-11-11 12:42:25.878 +OK mailbox "fhtestmailer@web.de" has 2 messages (10967 octets) H miweb107
2012-11-11 12:42:25.878 TCP Client has sent the message: STAT
2012-11-11 12:42:25.928 +OK 2 10967
2012-11-11 12:42:25.928 TCP Client has sent the message: UIDL 1
2012-11-11 12:42:26.008 +OK 1 0Lm2V3-1Sxu3e0rB3-00a5Js
2012-11-11 12:42:26.018 TCP Client has sent the message: RETR 1
2012-11-11 12:42:26.098 +OK
2012-11-11 12:42:26.098 Return-Path: janlepel@aol.com
2012-11-11 12:42:26.098 Received: from imr-ma01.mx.aol.com ([64.12.206.39]) by mx-ha.web.de (mxweb108)
2012-11-11 12:42:26.108  with ESMTP (Nemesis) id 0Lm2V3-1Sxu3e0rB3-00a5Js for <fhtestmailer@web.de>;
2012-11-11 12:42:26.108  Sun, 11 Nov 2012 12:42:03 +0100
2012-11-11 12:42:26.108 Received: from mtaout-mb04.r1000.mx.aol.com (mtaout-mb04.r1000.mx.aol.com [172.29.41.68])
2012-11-11 12:42:26.108 	by imr-ma01.mx.aol.com (Outbound Mail Relay) with ESMTP id 9D823380000B5
2012-11-11 12:42:26.118 	for <fhtestmailer@web.de>; Sun, 11 Nov 2012 06:42:02 -0500 (EST)
2012-11-11 12:42:26.118 Received: from DerDocPC (31-18-150-175-dynip.superkabel.de [31.18.150.175])
2012-11-11 12:42:26.118 	(using TLSv1 with cipher AES128-SHA (128/128 bits))
2012-11-11 12:42:26.118 	(No client certificate requested)
2012-11-11 12:42:26.118 	by mtaout-mb04.r1000.mx.aol.com (MUA/Third Party Client Interface) with ESMTPSA id CF3A9E0000B1
2012-11-11 12:42:26.118 	for <fhtestmailer@web.de>; Sun, 11 Nov 2012 06:42:01 -0500 (EST)
2012-11-11 12:42:26.118 From: "Jan Lepel" <janlepel@aol.com>
2012-11-11 12:42:26.128 To: <fhtestmailer@web.de>
2012-11-11 12:42:26.128 Subject: 23123
2012-11-11 12:42:26.128 Date: Sun, 11 Nov 2012 12:41:59 +0100
2012-11-11 12:42:26.128 Message-ID: <001901cdc001$90c12610$b2437230$@aol.com>
2012-11-11 12:42:26.128 MIME-Version: 1.0
2012-11-11 12:42:26.128 Content-Type: multipart/alternative;
2012-11-11 12:42:26.128 	boundary="----=_NextPart_000_001A_01CDC009.F2858E10"
2012-11-11 12:42:26.128 X-Mailer: Microsoft Outlook 14.0
2012-11-11 12:42:26.138 Thread-Index: Ac3AAYm90N8+VXN1RzSjM2V6vdFNOA==
2012-11-11 12:42:26.138 Content-Language: de
2012-11-11 12:42:26.138 x-aol-global-disposition: G
2012-11-11 12:42:26.138 DKIM-Signature: v=1; a=rsa-sha256; c=relaxed/relaxed; d=mx.aol.com;
2012-11-11 12:42:26.138 	s=20110426; t=1352634122;
2012-11-11 12:42:26.138 	bh=to62jhQWUrMf3CmMTfguyZySBYij/BmTtFoSQQZ1Fvg=;
2012-11-11 12:42:26.138 	h=From:To:Subject:Message-ID:Date:MIME-Version:Content-Type;
2012-11-11 12:42:26.138 	b=vNzkACupRyI1U7p+7c4N76uLQH2S+oqk9xx8Vk7Meodut0qJmtsWvD+rckWNC/tDQ
2012-11-11 12:42:26.138 	 g/NtGvn5hf7i7awAHK8rtJza+qjwSCVBCdTOk4O7MA2W5UriRAb0YEOIAXiShZNU2t
2012-11-11 12:42:26.138 	 Tck24zQw+E1PeKxzaKoe2Id0CUN+4tC1/xj4DKGY=
2012-11-11 12:42:26.138 X-AOL-SCOLL-SCORE: 0:5:52399568:93952408  
2012-11-11 12:42:26.138 X-AOL-SCOLL-URL_COUNT: 0  
2012-11-11 12:42:26.138 x-aol-sid: 3039ac1d2944509f8f096a26
2012-11-11 12:42:26.138 X-AOL-IP: 31.18.150.175
2012-11-11 12:42:26.138 Envelope-To: <fhtestmailer@web.de>
2012-11-11 12:42:26.138 X-UI-Filterresults: ;V01:K0:fS0vzJ4N:8rY7e27bCZcLkwFYuWtXyl51lE3npkYabVf
2012-11-11 12:42:26.148  f3HXmgPp1K3JWnHdPcR7XNUYrcu71KxxEU41xN9QKkjPm+PT7LnvNqyKg1LinvInfT5AWQk
2012-11-11 12:42:26.148  NDgbHgKVO/8k+tfKbLU0IsHmGlf219WcFc1mmRIDION21RGTuOG1YMPyDMaLir0P6HuLiSO
2012-11-11 12:42:26.148  22rjrUSSg8W9YWKGVzC9gN2rdQqwlAGXKOM9/KCZOEZFSHWk/JHJGWUP3a3ISW/KVRH5VJ9
2012-11-11 12:42:26.148  UYEl3ygvdaW3hvOWNOG77aE7FAa9LDIkkE7hZXIftQH6IKR/b6uFJVPI24j1KpKiaoqEhAB
2012-11-11 12:42:26.148  D4Pkb7Dhig+03j9yTQcd5zdI7iYDseI3DxadrddAsZVj/AKhSAaGfAltBhW0jHkIoXThFHt
2012-11-11 12:42:26.148  NrsyJkhIC3BLVql7EWL2zNr9wvLa6wLNKD6w63sbZAQoyYz1zuaS1BSFiwThljY/arJhy/J
2012-11-11 12:42:26.148  7vM+QBb6IIPWs4vHVHQMrUVjn98H+F5pBYJVPntR/lyEDp+uq5iz5/DKRxgf0f16weyYB1K
2012-11-11 12:42:26.148  STU7b6wI2bmZMEmLAaT3gp4ID4feHIAI3cWZgBfC0UlslkhdHXtTSRxNUPDhZEpp4I3MOKZ
2012-11-11 12:42:26.148  ficoAgrpMNYIp8nVc6ZP+2XjuxhWk+B65eyGE5+RP96tI42iyrUAlhgVglKVZaLI2E1MOWS
2012-11-11 12:42:26.148  mLXkijuw1msS/niy/HYeq5vJqD46bE55UEpERlR9fbe7bmJThtWSP0QtK6LqjIOckLryxj9
2012-11-11 12:42:26.148  owWss4wNv+EfrVWEZIoP5VqiMgYCsxJnHvEm+hd9T0exBu/Oxe/zpTJyLD7yiYJRkYBu1V+
2012-11-11 12:42:26.148  zzOPTE8LV6D0gPYWUsZJjd5kpMIQhHJHaruySRAFR3YnBYLHqvjDwUBO4MpW4Yrn4F2QptY
2012-11-11 12:42:26.148  rp/RHx+dEO8f/LZPyAuz0w94sYLGmn0THzXx8vRwSKHr++7ylBetTyZBP0k2QGgWV49P11Y
2012-11-11 12:42:26.148  fZdI1o709ZiXmQOV5lxcvviEnxPt2jkcB5O/VeBdF7Y6qSCB6e9Y3Zf9u/XK9MCaQJDTlRu
2012-11-11 12:42:26.148  sRrC3jWezfrKs0Lm1Ys5sGCvnjnabrri/hqEUujrQ6AjYEKG/5SPAafnew3TMhCRUm8Vt9p
2012-11-11 12:42:26.158  UI6rqrTfMwvT4T1E5R9Q+vASQ8QeGdsMXFPYCWX1phwUTh/Zi3CI
2012-11-11 12:42:26.158 
2012-11-11 12:42:26.158 This is a multipart message in MIME format.
2012-11-11 12:42:26.158 
2012-11-11 12:42:26.158 ------=_NextPart_000_001A_01CDC009.F2858E10
2012-11-11 12:42:26.158 Content-Type: text/plain;
2012-11-11 12:42:26.158 	charset="iso-8859-1"
2012-11-11 12:42:26.158 Content-Transfer-Encoding: quoted-printable
2012-11-11 12:42:26.158 
2012-11-11 12:42:26.158 Hallo bla,
2012-11-11 12:42:26.158 
2012-11-11 12:42:26.158 =20
2012-11-11 12:42:26.158 
2012-11-11 12:42:26.158 wie geht es dir?
2012-11-11 12:42:26.158 
2012-11-11 12:42:26.158 Gru=DF
2012-11-11 12:42:26.168 
2012-11-11 12:42:26.168 Jan
2012-11-11 12:42:26.168 
2012-11-11 12:42:26.168 
2012-11-11 12:42:26.168 ------=_NextPart_000_001A_01CDC009.F2858E10
2012-11-11 12:42:26.168 Content-Type: text/html;
2012-11-11 12:42:26.168 	charset="iso-8859-1"
2012-11-11 12:42:26.168 Content-Transfer-Encoding: quoted-printable
2012-11-11 12:42:26.168 
2012-11-11 12:42:26.168 <html xmlns:v=3D"urn:schemas-microsoft-com:vml" =
2012-11-11 12:42:26.168 xmlns:o=3D"urn:schemas-microsoft-com:office:office" =
2012-11-11 12:42:26.168 xmlns:w=3D"urn:schemas-microsoft-com:office:word" =
2012-11-11 12:42:26.168 xmlns:m=3D"http://schemas.microsoft.com/office/2004/12/omml" =
2012-11-11 12:42:26.168 xmlns=3D"http://www.w3.org/TR/REC-html40"><head><meta =
2012-11-11 12:42:26.168 http-equiv=3DContent-Type content=3D"text/html; =
2012-11-11 12:42:26.168 charset=3Diso-8859-1"><meta name=3DGenerator content=3D"Microsoft Word =
2012-11-11 12:42:26.168 14 (filtered medium)"><style><!--
2012-11-11 12:42:26.168 /* Font Definitions */
2012-11-11 12:42:26.178 @font-face
2012-11-11 12:42:26.178 	{font-family:"Cambria Math";
2012-11-11 12:42:26.178 	panose-1:2 4 5 3 5 4 6 3 2 4;}
2012-11-11 12:42:26.178 @font-face
2012-11-11 12:42:26.178 	{font-family:Calibri;
2012-11-11 12:42:26.178 	panose-1:2 15 5 2 2 2 4 3 2 4;}
2012-11-11 12:42:26.178 /* Style Definitions */
2012-11-11 12:42:26.178 p.MsoNormal, li.MsoNormal, div.MsoNormal
2012-11-11 12:42:26.178 	{margin:0cm;
2012-11-11 12:42:26.178 	margin-bottom:.0001pt;
2012-11-11 12:42:26.178 	font-size:11.0pt;
2012-11-11 12:42:26.178 	font-family:"Calibri","sans-serif";
2012-11-11 12:42:26.178 	mso-fareast-language:EN-US;}
2012-11-11 12:42:26.178 a:link, span.MsoHyperlink
2012-11-11 12:42:26.178 	{mso-style-priority:99;
2012-11-11 12:42:26.178 	color:blue;
2012-11-11 12:42:26.178 	text-decoration:underline;}
2012-11-11 12:42:26.188 a:visited, span.MsoHyperlinkFollowed
2012-11-11 12:42:26.188 	{mso-style-priority:99;
2012-11-11 12:42:26.188 	color:purple;
2012-11-11 12:42:26.188 	text-decoration:underline;}
2012-11-11 12:42:26.188 span.E-MailFormatvorlage17
2012-11-11 12:42:26.188 	{mso-style-type:personal-compose;
2012-11-11 12:42:26.188 	font-family:"Calibri","sans-serif";
2012-11-11 12:42:26.188 	color:windowtext;}
2012-11-11 12:42:26.188 ..MsoChpDefault
2012-11-11 12:42:26.188 	{mso-style-type:export-only;
2012-11-11 12:42:26.188 	font-family:"Calibri","sans-serif";
2012-11-11 12:42:26.188 	mso-fareast-language:EN-US;}
2012-11-11 12:42:26.188 @page WordSection1
2012-11-11 12:42:26.188 	{size:612.0pt 792.0pt;
2012-11-11 12:42:26.188 	margin:70.85pt 70.85pt 2.0cm 70.85pt;}
2012-11-11 12:42:26.188 div.WordSection1
2012-11-11 12:42:26.188 	{page:WordSection1;}
2012-11-11 12:42:26.188 --></style><!--[if gte mso 9]><xml>
2012-11-11 12:42:26.198 <o:shapedefaults v:ext=3D"edit" spidmax=3D"1026" />
2012-11-11 12:42:26.198 </xml><![endif]--><!--[if gte mso 9]><xml>
2012-11-11 12:42:26.198 <o:shapelayout v:ext=3D"edit">
2012-11-11 12:42:26.198 <o:idmap v:ext=3D"edit" data=3D"1" />
2012-11-11 12:42:26.198 </o:shapelayout></xml><![endif]--></head><body lang=3DDE link=3Dblue =
2012-11-11 12:42:26.198 vlink=3Dpurple><div class=3DWordSection1><p class=3DMsoNormal>Hallo =
2012-11-11 12:42:26.198 bla,<o:p></o:p></p><p class=3DMsoNormal><o:p>&nbsp;</o:p></p><p =
2012-11-11 12:42:26.198 class=3DMsoNormal>wie geht es dir?<o:p></o:p></p><p =
2012-11-11 12:42:26.198 class=3DMsoNormal>Gru=DF<o:p></o:p></p><p =
2012-11-11 12:42:26.198 class=3DMsoNormal>Jan<o:p></o:p></p></div></body></html>
2012-11-11 12:42:26.198 ------=_NextPart_000_001A_01CDC009.F2858E10--
2012-11-11 12:42:26.198 
2012-11-11 12:42:26.198 .
2012-11-11 12:42:26.198 TCP Client has sent the message: DELE 1
2012-11-11 12:42:26.298 +OK
2012-11-11 12:42:26.298 TCP Client has sent the message: UIDL 2
2012-11-11 12:42:26.388 +OK 2 0LjZ7k-1SvyFi3jvU-00blLb
2012-11-11 12:42:26.388 TCP Client has sent the message: RETR 2
2012-11-11 12:42:26.478 +OK
2012-11-11 12:42:26.478 Return-Path: janlepel@aol.com
2012-11-11 12:42:26.478 Received: from imr-db01.mx.aol.com ([205.188.91.95]) by mx-ha.web.de
2012-11-11 12:42:26.478  (mxweb102) with ESMTP (Nemesis) id 0LjZ7k-1SvyFi3jvU-00blLb for
2012-11-11 12:42:26.488  <fhtestmailer@web.de>; Sun, 11 Nov 2012 12:42:23 +0100
2012-11-11 12:42:26.488 Received: from mtaout-ma04.r1000.mx.aol.com (mtaout-ma04.r1000.mx.aol.com [172.29.41.4])
2012-11-11 12:42:26.488 	by imr-db01.mx.aol.com (Outbound Mail Relay) with ESMTP id 5632E380000B9
2012-11-11 12:42:26.488 	for <fhtestmailer@web.de>; Sun, 11 Nov 2012 06:42:22 -0500 (EST)
2012-11-11 12:42:26.488 Received: from DerDocPC (31-18-150-175-dynip.superkabel.de [31.18.150.175])
2012-11-11 12:42:26.488 	(using TLSv1 with cipher AES128-SHA (128/128 bits))
2012-11-11 12:42:26.488 	(No client certificate requested)
2012-11-11 12:42:26.488 	by mtaout-ma04.r1000.mx.aol.com (MUA/Third Party Client Interface) with ESMTPSA id 8D99DE0000A2
2012-11-11 12:42:26.498 	for <fhtestmailer@web.de>; Sun, 11 Nov 2012 06:42:21 -0500 (EST)
2012-11-11 12:42:26.498 From: "Jan Lepel" <janlepel@aol.com>
2012-11-11 12:42:26.498 To: <fhtestmailer@web.de>
2012-11-11 12:42:26.498 Subject: 2222222
2012-11-11 12:42:26.498 Date: Sun, 11 Nov 2012 12:42:19 +0100
2012-11-11 12:42:26.498 Message-ID: <001e01cdc001$9c8514c0$d58f3e40$@aol.com>
2012-11-11 12:42:26.498 MIME-Version: 1.0
2012-11-11 12:42:26.498 Content-Type: multipart/alternative;
2012-11-11 12:42:26.498 	boundary="----=_NextPart_000_001F_01CDC009.FE497CC0"
2012-11-11 12:42:26.498 X-Mailer: Microsoft Outlook 14.0
2012-11-11 12:42:26.498 Thread-Index: Ac3AAZK1+ysjGbmVTxiubl5O2eTOzw==
2012-11-11 12:42:26.498 Content-Language: de
2012-11-11 12:42:26.498 x-aol-global-disposition: G
2012-11-11 12:42:26.498 DKIM-Signature: v=1; a=rsa-sha256; c=relaxed/relaxed; d=mx.aol.com;
2012-11-11 12:42:26.498 	s=20110426; t=1352634142;
2012-11-11 12:42:26.508 	bh=/+VwErLxxGxoJxil26Pn7p1RjpzpiS/uR0OM+Vnb6tY=;
2012-11-11 12:42:26.508 	h=From:To:Subject:Message-ID:Date:MIME-Version:Content-Type;
2012-11-11 12:42:26.508 	b=vUl17yudseCy5l+ih1QMp2iYtIAB4UB1FEJPDfBzGuofG23UQASzKauAZvNZN++ej
2012-11-11 12:42:26.508 	 /ztm2yhnnCJ9grJ4ZNmm8xyItqseNtWZVKgW7jCz8De3vIRGlj1k6IQxjcVd4n3DeH
2012-11-11 12:42:26.508 	 KHHzIfrxwugrvNztkGed340stpvMiN2pUJ6kiJYM=
2012-11-11 12:42:26.508 X-AOL-SCOLL-SCORE: 0:5:56714352:93952408  
2012-11-11 12:42:26.508 X-AOL-SCOLL-URL_COUNT: 0  
2012-11-11 12:42:26.508 x-aol-sid: 3039ac1d2904509f8f1c0122
2012-11-11 12:42:26.508 X-AOL-IP: 31.18.150.175
2012-11-11 12:42:26.508 Envelope-To: <fhtestmailer@web.de>
2012-11-11 12:42:26.508 X-UI-Filterresults: ;V01:K0:ua6zfLLV:6XTrgcntYO0NK38jfGVmr6R2mWdWDfnbiT6
2012-11-11 12:42:26.508  C9De4xzlgaK2d/U7F1uAmxEVkzlEv/7UtNdqF1PZ2mKLpCgMIM6OHkjwf8J8FPPJsCXjmXr
2012-11-11 12:42:26.508  92q2zHcpTqUYNd69WOlMvgy+u7mPVRJ+ujoCXZ6RD9LV7U2uFpnLe0iaqjQ0jqHU3XMQooy
2012-11-11 12:42:26.518  MB69XqzP2ChPDr7eWsK0tC0euPUSVxAVcxAy43KFkwYzDIaDEvFInKYSFETLajOxT7EFCxT
2012-11-11 12:42:26.518  IYnXAjaWhYxtLXbMJRLvcnai2olHjObPdCZC9tSyM+ZKZmHMSRqR59+ejzR8rBogZzMQFkT
2012-11-11 12:42:26.518  FOTS7gHxgTsYG/fjDU8H93c8zvEfOq6C290Vxsd3SXYyyykIhHnDKXAWJOjxhqipl4C6yDV
2012-11-11 12:42:26.518  zG4HRbDmR+bdSazvJ6YOOVP5g9vO/n5Rf67OeEgYgRuTVOIDIxwFcvlBp1hPPi9fCUj39YX
2012-11-11 12:42:26.518  b3vR/FyTdBjjSiqqDtXpSBvwfEfvUwZNilS0T54Y0fmVAC/AUnxwbsqlwk8OU+/R8htTkJy
2012-11-11 12:42:26.518  8hVPxXb1WsEqjHt2zbzoj5HOleSJIQsy77eRuK9MKVvHLiojochQM0jlMXpvHL2aSRg3RpQ
2012-11-11 12:42:26.528  msLeQ7DZCG9vSSiW4DLg/Ay3t6pE1XEq6iWnbO7QNDdpXh11FakEwAX1VXVI2T8E2kIP84S
2012-11-11 12:42:26.528  G+12dWlGlI0cuUh0He+XOI0SyGYZGmyQrDSrleqW3IHMG6L5bs9jAWzH3BzqHtXJKYeVl81
2012-11-11 12:42:26.529  n/rdTDwsdTn7y0ZYO5xliBWweYOu/Z2hwqr6LIO6Jaece2r/1HmPpMPsYU/f3JVpDiQzRbX
2012-11-11 12:42:26.529  S6F5g/ze4RepG+0nF/w7O8Bx1i893F8FmgvewqSNAg40/lG1PHKD6bZ+PdgWlGOGCSo/1xA
2012-11-11 12:42:26.529  j5AzkJCExqLNgk4NrtdgX+9ZHNnpW5cITeKMPMldwg9c1/Cy62Y2CCwoxnWXTl+n9UIzLxY
2012-11-11 12:42:26.529  AegpexrxOZTupv9ovuIrULZ21T0rdeMNEmfKdYBZSnxsvElgWFFEx03Vgl8hwSpbyfOyR5x
2012-11-11 12:42:26.529  Tc+aKk3HCSyINIvUhYZZRL1qXJt65/Einw2qel5kZQkoSTXCcGqeMpvtHGWtPE1NwzZPykq
2012-11-11 12:42:26.529  81t2Q5mMDDsuUrilmMPgsamv7W0w2BDOdep5RD+RL/zEyVYDJhAd
2012-11-11 12:42:26.529 
2012-11-11 12:42:26.529 This is a multipart message in MIME format.
2012-11-11 12:42:26.529 
2012-11-11 12:42:26.529 ------=_NextPart_000_001F_01CDC009.FE497CC0
2012-11-11 12:42:26.529 Content-Type: text/plain;
2012-11-11 12:42:26.529 	charset="us-ascii"
2012-11-11 12:42:26.529 Content-Transfer-Encoding: 7bit
2012-11-11 12:42:26.539 
2012-11-11 12:42:26.539 2222222222222222222222
2012-11-11 12:42:26.539 
2012-11-11 12:42:26.539 2222222222
2012-11-11 12:42:26.539 
2012-11-11 12:42:26.539  
2012-11-11 12:42:26.539 
2012-11-11 12:42:26.539  
2012-11-11 12:42:26.539 
2012-11-11 12:42:26.539  
2012-11-11 12:42:26.549 
2012-11-11 12:42:26.549  
2012-11-11 12:42:26.549 
2012-11-11 12:42:26.549 22222222222222222222222222222222
2012-11-11 12:42:26.549 
2012-11-11 12:42:26.549 
2012-11-11 12:42:26.549 ------=_NextPart_000_001F_01CDC009.FE497CC0
2012-11-11 12:42:26.549 Content-Type: text/html;
2012-11-11 12:42:26.549 	charset="us-ascii"
2012-11-11 12:42:26.549 Content-Transfer-Encoding: quoted-printable
2012-11-11 12:42:26.549 
2012-11-11 12:42:26.549 <html xmlns:v=3D"urn:schemas-microsoft-com:vml" =
2012-11-11 12:42:26.549 xmlns:o=3D"urn:schemas-microsoft-com:office:office" =
2012-11-11 12:42:26.559 xmlns:w=3D"urn:schemas-microsoft-com:office:word" =
2012-11-11 12:42:26.559 xmlns:m=3D"http://schemas.microsoft.com/office/2004/12/omml" =
2012-11-11 12:42:26.559 xmlns=3D"http://www.w3.org/TR/REC-html40"><head><META =
2012-11-11 12:42:26.559 HTTP-EQUIV=3D"Content-Type" CONTENT=3D"text/html; =
2012-11-11 12:42:26.559 charset=3Dus-ascii"><meta name=3DGenerator content=3D"Microsoft Word 14 =
2012-11-11 12:42:26.559 (filtered medium)"><style><!--
2012-11-11 12:42:26.559 /* Font Definitions */
2012-11-11 12:42:26.559 @font-face
2012-11-11 12:42:26.559 	{font-family:"Cambria Math";
2012-11-11 12:42:26.559 	panose-1:2 4 5 3 5 4 6 3 2 4;}
2012-11-11 12:42:26.559 @font-face
2012-11-11 12:42:26.559 	{font-family:Calibri;
2012-11-11 12:42:26.559 	panose-1:2 15 5 2 2 2 4 3 2 4;}
2012-11-11 12:42:26.559 /* Style Definitions */
2012-11-11 12:42:26.569 p.MsoNormal, li.MsoNormal, div.MsoNormal
2012-11-11 12:42:26.569 	{margin:0cm;
2012-11-11 12:42:26.569 	margin-bottom:.0001pt;
2012-11-11 12:42:26.569 	font-size:11.0pt;
2012-11-11 12:42:26.569 	font-family:"Calibri","sans-serif";
2012-11-11 12:42:26.569 	mso-fareast-language:EN-US;}
2012-11-11 12:42:26.569 a:link, span.MsoHyperlink
2012-11-11 12:42:26.569 	{mso-style-priority:99;
2012-11-11 12:42:26.569 	color:blue;
2012-11-11 12:42:26.569 	text-decoration:underline;}
2012-11-11 12:42:26.569 a:visited, span.MsoHyperlinkFollowed
2012-11-11 12:42:26.569 	{mso-style-priority:99;
2012-11-11 12:42:26.569 	color:purple;
2012-11-11 12:42:26.569 	text-decoration:underline;}
2012-11-11 12:42:26.579 span.E-MailFormatvorlage17
2012-11-11 12:42:26.579 	{mso-style-type:personal-compose;
2012-11-11 12:42:26.579 	font-family:"Calibri","sans-serif";
2012-11-11 12:42:26.579 	color:windowtext;}
2012-11-11 12:42:26.579 ..MsoChpDefault
2012-11-11 12:42:26.579 	{mso-style-type:export-only;
2012-11-11 12:42:26.579 	font-family:"Calibri","sans-serif";
2012-11-11 12:42:26.579 	mso-fareast-language:EN-US;}
2012-11-11 12:42:26.579 @page WordSection1
2012-11-11 12:42:26.579 	{size:612.0pt 792.0pt;
2012-11-11 12:42:26.579 	margin:70.85pt 70.85pt 2.0cm 70.85pt;}
2012-11-11 12:42:26.579 div.WordSection1
2012-11-11 12:42:26.579 	{page:WordSection1;}
2012-11-11 12:42:26.589 --></style><!--[if gte mso 9]><xml>
2012-11-11 12:42:26.589 <o:shapedefaults v:ext=3D"edit" spidmax=3D"1026" />
2012-11-11 12:42:26.589 </xml><![endif]--><!--[if gte mso 9]><xml>
2012-11-11 12:42:26.589 <o:shapelayout v:ext=3D"edit">
2012-11-11 12:42:26.589 <o:idmap v:ext=3D"edit" data=3D"1" />
2012-11-11 12:42:26.589 </o:shapelayout></xml><![endif]--></head><body lang=3DDE link=3Dblue =
2012-11-11 12:42:26.589 vlink=3Dpurple><div class=3DWordSection1><p =
2012-11-11 12:42:26.589 class=3DMsoNormal>2222222222222222222222<o:p></o:p></p><p =
2012-11-11 12:42:26.589 class=3DMsoNormal>2222222222<o:p></o:p></p><p =
2012-11-11 12:42:26.589 class=3DMsoNormal><o:p>&nbsp;</o:p></p><p =
2012-11-11 12:42:26.589 class=3DMsoNormal><o:p>&nbsp;</o:p></p><p =
2012-11-11 12:42:26.589 class=3DMsoNormal><o:p>&nbsp;</o:p></p><p =
2012-11-11 12:42:26.589 class=3DMsoNormal><o:p>&nbsp;</o:p></p><p =
2012-11-11 12:42:26.589 class=3DMsoNormal>22222222222222222222222222222222<o:p></o:p></p></div></=
2012-11-11 12:42:26.599 body></html>
2012-11-11 12:42:26.599 ------=_NextPart_000_001F_01CDC009.FE497CC0--
2012-11-11 12:42:26.599 
2012-11-11 12:42:26.599 .
2012-11-11 12:42:26.599 TCP Client has sent the message: DELE 2
2012-11-11 12:42:26.679 +OK
2012-11-11 12:42:26.679 TCP Client has sent the message: QUIT
2012-11-11 12:42:35.272 TCP Server Thread 7 has written the message: +OK POP3 server ready
2012-11-11 12:42:35.272 TCP Server Thread detected job: CAPA
2012-11-11 12:42:35.272 TCP Server Thread 7 has written the message: -ERR no valid command
2012-11-11 12:42:35.288 TCP Server Thread detected job: USER mett@bla.de
2012-11-11 12:42:35.288 TCP Server Thread 7 has written the message: +OK password required for user 'mett@bla.de'
2012-11-11 12:42:35.288 TCP Server Thread detected job: PASS mett
2012-11-11 12:42:35.288 TCP Server Thread 7 has written the message: +OK mett@bla.de has 2 massages
2012-11-11 12:42:35.288 TCP Server Thread detected job: STAT
2012-11-11 12:42:35.288 TCP Server Thread 7 has written the message: +OK 2
2012-11-11 12:42:35.288 TCP Server Thread detected job: LIST
2012-11-11 12:42:35.288 TCP Server Thread 7 has written the message: +OK 2 messages
2012-11-11 12:42:35.288 TCP Server Thread 7 has written the message: 1 28
2012-11-11 12:42:35.288 TCP Server Thread 7 has written the message: 2 28
2012-11-11 12:42:35.288 TCP Server Thread 7 has written the message: .
2012-11-11 12:42:35.288 TCP Server Thread detected job: UIDL
2012-11-11 12:42:35.288 TCP Server Thread 7 has written the message: +OK
2012-11-11 12:42:35.288 TCP Server Thread 7 has written the message: 10LjZ7k-1SvyFi3jvU-00blLb.txt
2012-11-11 12:42:35.288 TCP Server Thread 7 has written the message: 20Lm2V3-1Sxu3e0rB3-00a5Js.txt
2012-11-11 12:42:35.288 TCP Server Thread 7 has written the message: .
2012-11-11 12:42:35.288 TCP Server Thread detected job: RETR 1
2012-11-11 12:42:35.303 TCP Server Thread 7 has written the message: +OK
2012-11-11 12:42:35.336 TCP Server Thread detected job: DELE 1
2012-11-11 12:42:35.336 TCP Server Thread 7 has written the message: +OK message 1 deleted
2012-11-11 12:42:35.336 TCP Server Thread detected job: RETR 2
2012-11-11 12:42:35.336 TCP Server Thread 7 has written the message: +OK
2012-11-11 12:42:35.377 TCP Server Thread detected job: DELE 2
2012-11-11 12:42:35.377 TCP Server Thread 7 has written the message: +OK message 2 deleted
2012-11-11 12:42:35.377 TCP Server Thread detected job: QUIT
2012-11-11 12:42:35.387 TCP Server Thread 7 has written the message: +OK POP3 Server singing off
2012-11-11 12:43:03.423 +OK POP server ready H miweb114
2012-11-11 12:43:03.443 +OK POP server ready H miweb114
2012-11-11 12:43:03.443 TCP Client has sent the message: USER fhtestmailer@web.de
2012-11-11 12:43:03.483 +OK password required for user "fhtestmailer@web.de"
2012-11-11 12:43:03.493 TCP Client has sent the message: PASS fhtestmailer123
2012-11-11 12:43:03.613 -ERR login only every 720 seconds allowed
2012-11-11 12:43:03.613 TCP Client has sent the message: QUIT
2012-11-11 12:43:33.663 +OK POP server ready H miweb103
2012-11-11 12:43:33.663 +OK POP server ready H miweb103
2012-11-11 12:43:33.663 TCP Client has sent the message: USER fhtestmailer@web.de
2012-11-11 12:43:33.724 +OK password required for user "fhtestmailer@web.de"
2012-11-11 12:43:33.734 TCP Client has sent the message: PASS fhtestmailer123
2012-11-11 12:43:33.844 +OK mailbox "fhtestmailer@web.de" has 0 messages (0 octets) H miweb103
2012-11-11 12:43:33.844 TCP Client has sent the message: STAT
2012-11-11 12:43:33.934 +OK 0 0
2012-11-11 12:43:33.934 TCP Client has sent the message: QUIT
2012-11-11 12:44:03.994 +OK POP server ready H miweb103
2012-11-11 12:44:03.994 +OK POP server ready H miweb103
2012-11-11 12:44:03.994 TCP Client has sent the message: USER fhtestmailer@web.de
2012-11-11 12:44:04.055 +OK password required for user "fhtestmailer@web.de"
2012-11-11 12:44:04.055 TCP Client has sent the message: PASS fhtestmailer123
2012-11-11 12:44:04.185 -ERR login only every 720 seconds allowed
2012-11-11 12:44:04.185 TCP Client has sent the message: QUIT
2012-11-11 12:44:34.264 +OK POP server ready H miweb106
2012-11-11 12:44:34.264 +OK POP server ready H miweb106
2012-11-11 12:44:34.264 TCP Client has sent the message: USER fhtestmailer@web.de
2012-11-11 12:44:34.325 +OK password required for user "fhtestmailer@web.de"
2012-11-11 12:44:34.325 TCP Client has sent the message: PASS fhtestmailer123
2012-11-11 12:44:34.445 +OK mailbox "fhtestmailer@web.de" has 3 messages (15707 octets) H miweb106
2012-11-11 12:44:34.445 TCP Client has sent the message: STAT
2012-11-11 12:44:34.535 +OK 3 15707
2012-11-11 12:44:34.545 TCP Client has sent the message: UIDL 1
2012-11-11 12:44:34.635 +OK 1 0MU0A5-1Txjty1Hk1-00QXs6
2012-11-11 12:44:34.645 TCP Client has sent the message: RETR 1
2012-11-11 12:44:34.745 +OK
2012-11-11 12:44:34.745 Return-Path: janlepel@aol.com
2012-11-11 12:44:34.745 Received: from imr-ma02.mx.aol.com ([64.12.206.40]) by mx-ha.web.de (mxweb004)
2012-11-11 12:44:34.745  with ESMTP (Nemesis) id 0MU0A5-1Txjty1Hk1-00QXs6 for <fhtestmailer@web.de>;
2012-11-11 12:44:34.745  Sun, 11 Nov 2012 12:43:55 +0100
2012-11-11 12:44:34.755 Received: from mtaout-da06.r1000.mx.aol.com (mtaout-da06.r1000.mx.aol.com [172.29.51.134])
2012-11-11 12:44:34.755 	by imr-ma02.mx.aol.com (Outbound Mail Relay) with ESMTP id C50581C000085
2012-11-11 12:44:34.755 	for <fhtestmailer@web.de>; Sun, 11 Nov 2012 06:43:54 -0500 (EST)
2012-11-11 12:44:34.755 Received: from DerDocPC (31-18-150-175-dynip.superkabel.de [31.18.150.175])
2012-11-11 12:44:34.765 	(using TLSv1 with cipher AES128-SHA (128/128 bits))
2012-11-11 12:44:34.765 	(No client certificate requested)
2012-11-11 12:44:34.765 	by mtaout-da06.r1000.mx.aol.com (MUA/Third Party Client Interface) with ESMTPSA id 3DB50E0000B7
2012-11-11 12:44:34.765 	for <fhtestmailer@web.de>; Sun, 11 Nov 2012 06:43:54 -0500 (EST)
2012-11-11 12:44:34.765 From: "Jan Lepel" <janlepel@aol.com>
2012-11-11 12:44:34.765 To: <fhtestmailer@web.de>
2012-11-11 12:44:34.765 Subject: 22222
2012-11-11 12:44:34.775 Date: Sun, 11 Nov 2012 12:43:52 +0100
2012-11-11 12:44:34.775 Message-ID: <002301cdc001$d3c0ca60$7b425f20$@aol.com>
2012-11-11 12:44:34.775 MIME-Version: 1.0
2012-11-11 12:44:34.775 Content-Type: multipart/alternative;
2012-11-11 12:44:34.775 	boundary="----=_NextPart_000_0024_01CDC00A.35853260"
2012-11-11 12:44:34.775 X-Mailer: Microsoft Outlook 14.0
2012-11-11 12:44:34.775 Thread-Index: Ac3AAdA3TzsOtY4wRdG7a/ndHjOk0w==
2012-11-11 12:44:34.785 Content-Language: de
2012-11-11 12:44:34.785 x-aol-global-disposition: G
2012-11-11 12:44:34.785 DKIM-Signature: v=1; a=rsa-sha256; c=relaxed/relaxed; d=mx.aol.com;
2012-11-11 12:44:34.785 	s=20110426; t=1352634234;
2012-11-11 12:44:34.785 	bh=YrNVtdQ1R+pGBS3/gAL0O63yGExQcPdL2GxgE6p+jxQ=;
2012-11-11 12:44:34.785 	h=From:To:Subject:Message-ID:Date:MIME-Version:Content-Type;
2012-11-11 12:44:34.785 	b=mGSsrDDcXdpsvynalhxPDULeZ1hcXndNBgP+pM+QP7F6iODgq47vl4YEzkLQMz0ED
2012-11-11 12:44:34.785 	 jzLP+xmVEqjVD2le3XK/rzB3Ex82b6hQboDh26+k+mOrGNNBm6jk1+8LwdMt/Qrh/L
2012-11-11 12:44:34.785 	 JWj4Jp9iGK+MxUqFFezC2b5lqzro0t2f0aX/uzdg=
2012-11-11 12:44:34.795 X-AOL-SCOLL-SCORE: 0:5:56714352:93952408  
2012-11-11 12:44:34.795 X-AOL-SCOLL-URL_COUNT: 0  
2012-11-11 12:44:34.795 x-aol-sid: 3039ac1d3386509f8f7a27ab
2012-11-11 12:44:34.795 X-AOL-IP: 31.18.150.175
2012-11-11 12:44:34.795 Envelope-To: <fhtestmailer@web.de>
2012-11-11 12:44:34.795 X-UI-Filterresults: ;V01:K0:AqxsMJ2j:KqB/5xzahUKGZj/CTNpYuqnvjaF2MxY0PfP
2012-11-11 12:44:34.795  KjotRM/ERZdrU9SgPMAm0QqqRmVgJPWdrJuIkjfT2kWgJcTUDThXzgc2/wq9EQyVF/MAXbZ
2012-11-11 12:44:34.795  YX5CWzK1FCzzsWFc/QSPN0cKaowaVZ22fj1+5TQCmMVr0rC0o2V7y9Qi36mvf4J5ngLOAio
2012-11-11 12:44:34.795  8GN6zqWPzCm77aLwJHmwH0/okB3lzFGAGuOkB65V//g62+z813m+2XHRsJpxwOvEXcf9Nho
2012-11-11 12:44:34.795  xetWizJ8LZp8r84EPOGkW9HbD5KtzUioYQocvKZMcOZhNv20mlYBgQR0TLRf2YPpCZzFPxZ
2012-11-11 12:44:34.795  f8apcWIXVPIqvqBs6w4wKtkUVYAw7/lUPOG4a1r+Rp2nl1Xb0DiBx8v+pWyEf5BVZFdSQDl
2012-11-11 12:44:34.805  kIOXP/+CCKsbxiCYzvasvwmfX84c93NIg0EHKd7kMYt8N4farhXUGWeH7I9bxcmzLcwZ4As
2012-11-11 12:44:34.805  i5X/WdDyRuPmO4IbzhULkrneUdDEk5DzXAj7TO37Tbw1YpiUEeIz2gfoqmNmgAXmDRjHcNP
2012-11-11 12:44:34.805  g+Lxiw7IQTEDiRjEkw7lsnK6cjLyoXqMQOE6KQKni72yosu5LeP8URcUrE3jlGUTfIG3UsW
2012-11-11 12:44:34.805  Pp9zMvFtjH++CvpHNNR+1ZcJ527EgIrVmNz1QgKatIEMsYRM3vMk5Q4pG37jSaF5O9di1NL
2012-11-11 12:44:34.805  gx4/Wp8x1faCo8PEg0FCh9QyERVdgCtRvILxeRj4uqYBOvdePI8jEO3HnoZl+SbsiMU/+sl
2012-11-11 12:44:34.805  O5L5mFRhgkjnmq+1/bErKB0/oC6CNVDYEUyzPJAosWIrWEzUn2KZYzG4VjD6HX9l8v1+cWK
2012-11-11 12:44:34.805  9YVJxT5xKrwUnf6lgO8UYNE5m4wAj2Rpta2hypfXeEbcBopBVVYvEw57dltRvTCIBCvowHh
2012-11-11 12:44:34.805  6WW1SPkYFXuCgiM+YsGtlj7XpMjErMaegeb27XmEsUdWmj8ynox/t3d+sn6eF6ErCoRVDk9
2012-11-11 12:44:34.805  zUkKuVel7kWst7V9dmR/3in80FMvmgNEZloGt9HiJkW7xeoUMMBjsPN1A6etPJrKsbosUCJ
2012-11-11 12:44:34.805  iiHlYu6fwgQC2/BSlolY6qUq+XRvRm6yZbQvqZzSnNuC8P9fBGydAjdq8rjj3OS6zAWaRal
2012-11-11 12:44:34.815  Cxo0w5wvyLKDF+hRnOJ7IiRTZaQZN/tlbXo/qslI1cf63EqjAYZT
2012-11-11 12:44:34.815 
2012-11-11 12:44:34.815 This is a multipart message in MIME format.
2012-11-11 12:44:34.815 
2012-11-11 12:44:34.815 ------=_NextPart_000_0024_01CDC00A.35853260
2012-11-11 12:44:34.815 Content-Type: text/plain;
2012-11-11 12:44:34.815 	charset="us-ascii"
2012-11-11 12:44:34.815 Content-Transfer-Encoding: 7bit
2012-11-11 12:44:34.815 
2012-11-11 12:44:34.815 2222222
2012-11-11 12:44:34.815 
2012-11-11 12:44:34.815 2222
2012-11-11 12:44:34.815 
2012-11-11 12:44:34.815 2222
2012-11-11 12:44:34.825 
2012-11-11 12:44:34.825 
2012-11-11 12:44:34.825 ------=_NextPart_000_0024_01CDC00A.35853260
2012-11-11 12:44:34.825 Content-Type: text/html;
2012-11-11 12:44:34.825 	charset="us-ascii"
2012-11-11 12:44:34.825 Content-Transfer-Encoding: quoted-printable
2012-11-11 12:44:34.825 
2012-11-11 12:44:34.825 <html xmlns:v=3D"urn:schemas-microsoft-com:vml" =
2012-11-11 12:44:34.825 xmlns:o=3D"urn:schemas-microsoft-com:office:office" =
2012-11-11 12:44:34.825 xmlns:w=3D"urn:schemas-microsoft-com:office:word" =
2012-11-11 12:44:34.825 xmlns:m=3D"http://schemas.microsoft.com/office/2004/12/omml" =
2012-11-11 12:44:34.825 xmlns=3D"http://www.w3.org/TR/REC-html40"><head><META =
2012-11-11 12:44:34.825 HTTP-EQUIV=3D"Content-Type" CONTENT=3D"text/html; =
2012-11-11 12:44:34.825 charset=3Dus-ascii"><meta name=3DGenerator content=3D"Microsoft Word 14 =
2012-11-11 12:44:34.825 (filtered medium)"><style><!--
2012-11-11 12:44:34.835 /* Font Definitions */
2012-11-11 12:44:34.835 @font-face
2012-11-11 12:44:34.835 	{font-family:"Cambria Math";
2012-11-11 12:44:34.835 	panose-1:2 4 5 3 5 4 6 3 2 4;}
2012-11-11 12:44:34.835 @font-face
2012-11-11 12:44:34.835 	{font-family:Calibri;
2012-11-11 12:44:34.835 	panose-1:2 15 5 2 2 2 4 3 2 4;}
2012-11-11 12:44:34.835 /* Style Definitions */
2012-11-11 12:44:34.835 p.MsoNormal, li.MsoNormal, div.MsoNormal
2012-11-11 12:44:34.835 	{margin:0cm;
2012-11-11 12:44:34.835 	margin-bottom:.0001pt;
2012-11-11 12:44:34.835 	font-size:11.0pt;
2012-11-11 12:44:34.835 	font-family:"Calibri","sans-serif";
2012-11-11 12:44:34.835 	mso-fareast-language:EN-US;}
2012-11-11 12:44:34.845 a:link, span.MsoHyperlink
2012-11-11 12:44:34.845 	{mso-style-priority:99;
2012-11-11 12:44:34.845 	color:blue;
2012-11-11 12:44:34.845 	text-decoration:underline;}
2012-11-11 12:44:34.845 a:visited, span.MsoHyperlinkFollowed
2012-11-11 12:44:34.845 	{mso-style-priority:99;
2012-11-11 12:44:34.845 	color:purple;
2012-11-11 12:44:34.845 	text-decoration:underline;}
2012-11-11 12:44:34.845 span.E-MailFormatvorlage17
2012-11-11 12:44:34.845 	{mso-style-type:personal-compose;
2012-11-11 12:44:34.845 	font-family:"Calibri","sans-serif";
2012-11-11 12:44:34.845 	color:windowtext;}
2012-11-11 12:44:34.855 ..MsoChpDefault
2012-11-11 12:44:34.855 	{mso-style-type:export-only;
2012-11-11 12:44:34.855 	font-family:"Calibri","sans-serif";
2012-11-11 12:44:34.855 	mso-fareast-language:EN-US;}
2012-11-11 12:44:34.855 @page WordSection1
2012-11-11 12:44:34.855 	{size:612.0pt 792.0pt;
2012-11-11 12:44:34.855 	margin:70.85pt 70.85pt 2.0cm 70.85pt;}
2012-11-11 12:44:34.855 div.WordSection1
2012-11-11 12:44:34.855 	{page:WordSection1;}
2012-11-11 12:44:34.855 --></style><!--[if gte mso 9]><xml>
2012-11-11 12:44:34.855 <o:shapedefaults v:ext=3D"edit" spidmax=3D"1026" />
2012-11-11 12:44:34.855 </xml><![endif]--><!--[if gte mso 9]><xml>
2012-11-11 12:44:34.855 <o:shapelayout v:ext=3D"edit">
2012-11-11 12:44:34.855 <o:idmap v:ext=3D"edit" data=3D"1" />
2012-11-11 12:44:34.865 </o:shapelayout></xml><![endif]--></head><body lang=3DDE link=3Dblue =
2012-11-11 12:44:34.865 vlink=3Dpurple><div class=3DWordSection1><p =
2012-11-11 12:44:34.865 class=3DMsoNormal>2222222<o:p></o:p></p><p =
2012-11-11 12:44:34.865 class=3DMsoNormal>2222<o:p></o:p></p><p =
2012-11-11 12:44:34.865 class=3DMsoNormal>2222<o:p></o:p></p></div></body></html>
2012-11-11 12:44:34.865 ------=_NextPart_000_0024_01CDC00A.35853260--
2012-11-11 12:44:34.865 
2012-11-11 12:44:34.865 .
2012-11-11 12:44:34.865 TCP Client has sent the message: DELE 1
2012-11-11 12:44:34.965 +OK
2012-11-11 12:44:34.975 TCP Client has sent the message: UIDL 2
2012-11-11 12:44:35.065 +OK 2 0MgdOF-1TirqW0Tix-00NdZF
2012-11-11 12:44:35.065 TCP Client has sent the message: RETR 2
2012-11-11 12:44:35.175 +OK
2012-11-11 12:44:35.175 Return-Path: janlepel@aol.com
2012-11-11 12:44:35.175 Received: from imr-da04.mx.aol.com ([205.188.105.146]) by mx-ha.web.de
2012-11-11 12:44:35.175  (mxweb106) with ESMTP (Nemesis) id 0MgdOF-1TirqW0Tix-00NdZF for
2012-11-11 12:44:35.175  <fhtestmailer@web.de>; Sun, 11 Nov 2012 12:44:11 +0100
2012-11-11 12:44:35.175 Received: from mtaout-da05.r1000.mx.aol.com (mtaout-da05.r1000.mx.aol.com [172.29.51.133])
2012-11-11 12:44:35.175 	by imr-da04.mx.aol.com (8.14.1/8.14.1) with ESMTP id qABBi1A0017039
2012-11-11 12:44:35.185 	for <fhtestmailer@web.de>; Sun, 11 Nov 2012 06:44:01 -0500
2012-11-11 12:44:35.185 Received: from DerDocPC (31-18-150-175-dynip.superkabel.de [31.18.150.175])
2012-11-11 12:44:35.185 	(using TLSv1 with cipher AES128-SHA (128/128 bits))
2012-11-11 12:44:35.185 	(No client certificate requested)
2012-11-11 12:44:35.185 	by mtaout-da05.r1000.mx.aol.com (MUA/Third Party Client Interface) with ESMTPSA id 298A3E00009B
2012-11-11 12:44:35.185 	for <fhtestmailer@web.de>; Sun, 11 Nov 2012 06:44:01 -0500 (EST)
2012-11-11 12:44:35.185 From: "Jan Lepel" <janlepel@aol.com>
2012-11-11 12:44:35.185 To: <fhtestmailer@web.de>
2012-11-11 12:44:35.195 Subject: 44444444444444
2012-11-11 12:44:35.195 Date: Sun, 11 Nov 2012 12:43:59 +0100
2012-11-11 12:44:35.195 Message-ID: <002801cdc001$d7e0b2e0$87a218a0$@aol.com>
2012-11-11 12:44:35.195 MIME-Version: 1.0
2012-11-11 12:44:35.195 Content-Type: multipart/alternative;
2012-11-11 12:44:35.195 	boundary="----=_NextPart_000_0029_01CDC00A.39A51AE0"
2012-11-11 12:44:35.195 X-Mailer: Microsoft Outlook 14.0
2012-11-11 12:44:35.195 Thread-Index: Ac3AAdV1fk+aSsJuRn6OGM6bf3acHw==
2012-11-11 12:44:35.195 Content-Language: de
2012-11-11 12:44:35.205 x-aol-global-disposition: G
2012-11-11 12:44:35.205 DKIM-Signature: v=1; a=rsa-sha256; c=relaxed/relaxed; d=mx.aol.com;
2012-11-11 12:44:35.205 	s=20110426; t=1352634241;
2012-11-11 12:44:35.205 	bh=qbWgSFAlmEc2RKESmXdJA9mNkGzjeG8RIMsGTrwHE4Y=;
2012-11-11 12:44:35.205 	h=From:To:Subject:Message-ID:Date:MIME-Version:Content-Type;
2012-11-11 12:44:35.205 	b=Wd8C58N8kRNT9E5ZrGKh2gnIePuXoYdAAeTndlDtUAHyADtYtYRQg6zauS4pz6B1/
2012-11-11 12:44:35.205 	 zo4612qZgRnZvKLQDXq2gbGpC7COTCwDDEcRM4saHfgKcpIuU63NSglIwPrudNl1/t
2012-11-11 12:44:35.205 	 6eRgTs8DrXoDfn4saENxV8BQ2wbsvPB/PNVhQ7KE=
2012-11-11 12:44:35.205 X-AOL-SCOLL-SCORE: 0:5:52399568:93952408  
2012-11-11 12:44:35.205 X-AOL-SCOLL-URL_COUNT: 0  
2012-11-11 12:44:35.205 x-aol-sid: 3039ac1d3385509f8f8065f3
2012-11-11 12:44:35.205 X-AOL-IP: 31.18.150.175
2012-11-11 12:44:35.205 Envelope-To: <fhtestmailer@web.de>
2012-11-11 12:44:35.205 X-UI-Filterresults: ;V01:K0:wxbGPfuw:ikTqv+j+gjGkPk3F2oRMhAlIah8xsSp8WJD
2012-11-11 12:44:35.205  l6Ic2FKkDQ0ppOqHoyCHkMydi4yBkUPbOulFIzREZuHOJ82Bn/B3n/Asfx+IaUh4D0JURi2
2012-11-11 12:44:35.205  N1dWXBRHqm8+guA3ItCB1M5Cl+Ai8Nz0vSBs8bjZaLSfjSsDmu5d7okYdmbPcr9Br/D092x
2012-11-11 12:44:35.205  Y/zMxR/QU+ODWgeGh9RuozlqvJ4434q83db1KjD2+MRpfI+SXH2qJ33SWV4QCY7KiVWPkWN
2012-11-11 12:44:35.215  F5eg2FfRHjIKrWXMKWfs0OuLhRSBI/4u83cCbaEufCxxBd1r0VnywYcnOx37oTybB4xiQGP
2012-11-11 12:44:35.215  Exyl7wBlRQw1mlJtJRusryK65LnZ6gt3XH6+0xMata9mQ5jNdW6QTSYiIEzwL6D/H5ma8If
2012-11-11 12:44:35.215  AZeFZI0biRaZynp+4npo1W6Y/WzK+4HsmQGmRNh/Lish+8KgmZ2OYNSgsPof/9iCCIEenoK
2012-11-11 12:44:35.215  sI5scRaEE26SnkZIbjxqnpceRH5dDGOfqYnuuRpkR8GMZfcYeNNt+bVKXkV2TYWLl+KzEhD
2012-11-11 12:44:35.215  zabCbPdT7LVYGgjvRTnYZw8DOZatZN0HljHr8urHdNbEuuCMZCU61A4DgNbTip3b0wd5r34
2012-11-11 12:44:35.215  8ODwpsmiO1Ddg50ObGwzLvywGSJFtP2UVeHpsx3zh1nY9GLqMgUDQ5Vg7nc8q2rOudICOE2
2012-11-11 12:44:35.215  yeA6MuhtLZrjpK7gy5Qm5/jUz19Y6U4y50jIu3/xvTAdVBi8wx3DUp482py58RXDdOdbxVB
2012-11-11 12:44:35.215  5mvttjdSATIS8iXHXWzSWGmGgaZ3YaoiOl/QqfkpxdtI47sSAf2Tjh74qeJavXrwa1x3zEf
2012-11-11 12:44:35.215  XwG572ZqXPreooIPc0rzIdGgxzCJNVzAqUJtcK3H5NYPmPQtRsdokUBQRMZZ4VKAavq+VB0
2012-11-11 12:44:35.215  3B+zR7v7gR6tb0mrYIGBxW+Pq4nrvWOPWHMRQzLBks0y69f+X6nPZnAGo5yHbmjXBcNLTQp
2012-11-11 12:44:35.215  pXTq8zgNWUZBnST9TveeAiGzDFXdSDPDIvBBYmvA6eUCivu+IySOD/spxxLIyx6PBP8naRJ
2012-11-11 12:44:35.215  XlvKksaWPDzRwgKDwiWxXhlKUbzDWLFeXUyEN3AQVMPkxZoInj3+fQYLCZuF/i2bdL3SsQt
2012-11-11 12:44:35.215  N4tjj2VotM5nPFsSU980hUGSNvzWSdEjsDb3JKPlnQ163P3whcQGrYz7MV8qOSSgCHh7K6v
2012-11-11 12:44:35.215  uDQ==
2012-11-11 12:44:35.215 
2012-11-11 12:44:35.215 This is a multipart message in MIME format.
2012-11-11 12:44:35.215 
2012-11-11 12:44:35.215 ------=_NextPart_000_0029_01CDC00A.39A51AE0
2012-11-11 12:44:35.225 Content-Type: text/plain;
2012-11-11 12:44:35.225 	charset="us-ascii"
2012-11-11 12:44:35.225 Content-Transfer-Encoding: 7bit
2012-11-11 12:44:35.225 
2012-11-11 12:44:35.225 4444444444444
2012-11-11 12:44:35.225 
2012-11-11 12:44:35.225 44444444
2012-11-11 12:44:35.225 
2012-11-11 12:44:35.225 
2012-11-11 12:44:35.225 ------=_NextPart_000_0029_01CDC00A.39A51AE0
2012-11-11 12:44:35.225 Content-Type: text/html;
2012-11-11 12:44:35.225 	charset="us-ascii"
2012-11-11 12:44:35.225 Content-Transfer-Encoding: quoted-printable
2012-11-11 12:44:35.225 
2012-11-11 12:44:35.225 <html xmlns:v=3D"urn:schemas-microsoft-com:vml" =
2012-11-11 12:44:35.225 xmlns:o=3D"urn:schemas-microsoft-com:office:office" =
2012-11-11 12:44:35.225 xmlns:w=3D"urn:schemas-microsoft-com:office:word" =
2012-11-11 12:44:35.225 xmlns:m=3D"http://schemas.microsoft.com/office/2004/12/omml" =
2012-11-11 12:44:35.235 xmlns=3D"http://www.w3.org/TR/REC-html40"><head><META =
2012-11-11 12:44:35.235 HTTP-EQUIV=3D"Content-Type" CONTENT=3D"text/html; =
2012-11-11 12:44:35.235 charset=3Dus-ascii"><meta name=3DGenerator content=3D"Microsoft Word 14 =
2012-11-11 12:44:35.235 (filtered medium)"><style><!--
2012-11-11 12:44:35.235 /* Font Definitions */
2012-11-11 12:44:35.235 @font-face
2012-11-11 12:44:35.235 	{font-family:"Cambria Math";
2012-11-11 12:44:35.235 	panose-1:2 4 5 3 5 4 6 3 2 4;}
2012-11-11 12:44:35.235 @font-face
2012-11-11 12:44:35.235 	{font-family:Calibri;
2012-11-11 12:44:35.235 	panose-1:2 15 5 2 2 2 4 3 2 4;}
2012-11-11 12:44:35.235 /* Style Definitions */
2012-11-11 12:44:35.235 p.MsoNormal, li.MsoNormal, div.MsoNormal
2012-11-11 12:44:35.235 	{margin:0cm;
2012-11-11 12:44:35.235 	margin-bottom:.0001pt;
2012-11-11 12:44:35.235 	font-size:11.0pt;
2012-11-11 12:44:35.235 	font-family:"Calibri","sans-serif";
2012-11-11 12:44:35.235 	mso-fareast-language:EN-US;}
2012-11-11 12:44:35.245 a:link, span.MsoHyperlink
2012-11-11 12:44:35.245 	{mso-style-priority:99;
2012-11-11 12:44:35.245 	color:blue;
2012-11-11 12:44:35.245 	text-decoration:underline;}
2012-11-11 12:44:35.245 a:visited, span.MsoHyperlinkFollowed
2012-11-11 12:44:35.245 	{mso-style-priority:99;
2012-11-11 12:44:35.245 	color:purple;
2012-11-11 12:44:35.245 	text-decoration:underline;}
2012-11-11 12:44:35.245 span.E-MailFormatvorlage17
2012-11-11 12:44:35.245 	{mso-style-type:personal-compose;
2012-11-11 12:44:35.245 	font-family:"Calibri","sans-serif";
2012-11-11 12:44:35.245 	color:windowtext;}
2012-11-11 12:44:35.245 ..MsoChpDefault
2012-11-11 12:44:35.245 	{mso-style-type:export-only;
2012-11-11 12:44:35.245 	font-family:"Calibri","sans-serif";
2012-11-11 12:44:35.245 	mso-fareast-language:EN-US;}
2012-11-11 12:44:35.245 @page WordSection1
2012-11-11 12:44:35.245 	{size:612.0pt 792.0pt;
2012-11-11 12:44:35.255 	margin:70.85pt 70.85pt 2.0cm 70.85pt;}
2012-11-11 12:44:35.255 div.WordSection1
2012-11-11 12:44:35.255 	{page:WordSection1;}
2012-11-11 12:44:35.255 --></style><!--[if gte mso 9]><xml>
2012-11-11 12:44:35.255 <o:shapedefaults v:ext=3D"edit" spidmax=3D"1026" />
2012-11-11 12:44:35.255 </xml><![endif]--><!--[if gte mso 9]><xml>
2012-11-11 12:44:35.255 <o:shapelayout v:ext=3D"edit">
2012-11-11 12:44:35.255 <o:idmap v:ext=3D"edit" data=3D"1" />
2012-11-11 12:44:35.255 </o:shapelayout></xml><![endif]--></head><body lang=3DDE link=3Dblue =
2012-11-11 12:44:35.255 vlink=3Dpurple><div class=3DWordSection1><p =
2012-11-11 12:44:35.255 class=3DMsoNormal>4444444444444<o:p></o:p></p><p =
2012-11-11 12:44:35.255 class=3DMsoNormal>44444444<o:p></o:p></p></div></body></html>
2012-11-11 12:44:35.255 ------=_NextPart_000_0029_01CDC00A.39A51AE0--
2012-11-11 12:44:35.255 
2012-11-11 12:44:35.255 .
2012-11-11 12:44:35.255 TCP Client has sent the message: DELE 2
2012-11-11 12:44:35.355 +OK
2012-11-11 12:44:35.355 TCP Client has sent the message: UIDL 3
2012-11-11 12:44:35.456 +OK 3 0Md2Yo-1Tod8Y2LSs-00IIgn
2012-11-11 12:44:35.456 TCP Client has sent the message: RETR 3
2012-11-11 12:44:35.566 +OK
2012-11-11 12:44:35.566 Return-Path: janlepel@aol.com
2012-11-11 12:44:35.566 Received: from imr-ma06.mx.aol.com ([64.12.78.142]) by mx-ha.web.de (mxweb105)
2012-11-11 12:44:35.566  with ESMTP (Nemesis) id 0Md2Yo-1Tod8Y2LSs-00IIgn for <fhtestmailer@web.de>;
2012-11-11 12:44:35.566  Sun, 11 Nov 2012 12:44:12 +0100
2012-11-11 12:44:35.566 Received: from mtaout-da02.r1000.mx.aol.com (mtaout-da02.r1000.mx.aol.com [172.29.51.130])
2012-11-11 12:44:35.566 	by imr-ma06.mx.aol.com (8.14.1/8.14.1) with ESMTP id qABBi9YJ030182
2012-11-11 12:44:35.566 	for <fhtestmailer@web.de>; Sun, 11 Nov 2012 06:44:09 -0500
2012-11-11 12:44:35.576 Received: from DerDocPC (31-18-150-175-dynip.superkabel.de [31.18.150.175])
2012-11-11 12:44:35.576 	(using TLSv1 with cipher AES128-SHA (128/128 bits))
2012-11-11 12:44:35.576 	(No client certificate requested)
2012-11-11 12:44:35.576 	by mtaout-da02.r1000.mx.aol.com (MUA/Third Party Client Interface) with ESMTPSA id E357BE0000A1
2012-11-11 12:44:35.576 	for <fhtestmailer@web.de>; Sun, 11 Nov 2012 06:44:08 -0500 (EST)
2012-11-11 12:44:35.576 From: "Jan Lepel" <janlepel@aol.com>
2012-11-11 12:44:35.576 To: <fhtestmailer@web.de>
2012-11-11 12:44:35.576 Subject: 7777777777
2012-11-11 12:44:35.576 Date: Sun, 11 Nov 2012 12:44:07 +0100
2012-11-11 12:44:35.586 Message-ID: <002d01cdc001$dc81d950$95858bf0$@aol.com>
2012-11-11 12:44:35.586 MIME-Version: 1.0
2012-11-11 12:44:35.586 Content-Type: multipart/alternative;
2012-11-11 12:44:35.586 	boundary="----=_NextPart_000_002E_01CDC00A.3E464150"
2012-11-11 12:44:35.586 X-Mailer: Microsoft Outlook 14.0
2012-11-11 12:44:35.586 Thread-Index: Ac3AAdqcBTAf1qNaSIWn87rN6l/cIw==
2012-11-11 12:44:35.586 Content-Language: de
2012-11-11 12:44:35.586 x-aol-global-disposition: G
2012-11-11 12:44:35.596 DKIM-Signature: v=1; a=rsa-sha256; c=relaxed/relaxed; d=mx.aol.com;
2012-11-11 12:44:35.596 	s=20110426; t=1352634249;
2012-11-11 12:44:35.596 	bh=keweoNZFdwm+46svQE/T/TsS8WCcz0Vw0B67VFrtzWw=;
2012-11-11 12:44:35.596 	h=From:To:Subject:Message-ID:Date:MIME-Version:Content-Type;
2012-11-11 12:44:35.596 	b=LO+imxy2hpF3PoQEpmVbSwuHejCbBwwpysmDf4xXGCozXXA/VyMN7n2zPMjybL6wh
2012-11-11 12:44:35.596 	 hNt5rdrIbO+I4es3BCMkEFk/1EcI9+OBJbADPxz80tF8643+ZkEvCzAy4KulGjsU8v
2012-11-11 12:44:35.596 	 E/nfYzdVhp4ZJ7DeCAeZ+CQvw3BBGhQAiGYkO77Q=
2012-11-11 12:44:35.596 X-AOL-SCOLL-SCORE: 0:5:52399568:93952408  
2012-11-11 12:44:35.606 X-AOL-SCOLL-URL_COUNT: 0  
2012-11-11 12:44:35.606 x-aol-sid: 3039ac1d3382509f8f885ada
2012-11-11 12:44:35.606 X-AOL-IP: 31.18.150.175
2012-11-11 12:44:35.606 Envelope-To: <fhtestmailer@web.de>
2012-11-11 12:44:35.606 X-UI-Filterresults: ;V01:K0:XZ087LB8:oN/I2UQHW8vCbHS7kcVdvdULR8N87HeUgK6
2012-11-11 12:44:35.606  AL5WbfXihgiX9XEpEQsaMVOS/4wnSQlx6HyuqMwJkPDzP1DK6P9pG+r6kW+Dton6t7f59Bq
2012-11-11 12:44:35.606  v646unXywS04tiUNg2Ijrzx5UiVcU0t478+1Jz9V3XC3S7dHQ4uqI/O30q5zAv8jfgOEhas
2012-11-11 12:44:35.606  kPpzDeTZxrEZXt1nKB4R5OXcs+LlwhX5X6Hjijjpxd9T1UOhqERkCbjHTDh9ehMrG+rtYiv
2012-11-11 12:44:35.606  V1E6Mdo1xp66KQJOg2ndeWdu8oKlgyJoguoJLc1Qm2FDX7jQwgvLo4rBJftg1xXDLzhkAVp
2012-11-11 12:44:35.616  s+zxJfaBYAtRr5VMgYnqfu6ijUVe/krg2c4ZwaFgTgyt0g1bMLzJmHAy9emZcd8ggcR/uBn
2012-11-11 12:44:35.616  TOI/8+J36VB9AFeuyvlfq3u4ye1sCy1bQxf3x2f3ODnadJ5yKTaZYbJMOTQueBKeCbkd5j0
2012-11-11 12:44:35.616  Z6qn8Z1R8saCfq8mWVcwLTRklB+TR8PcjrbrAtHXOKsthR9RreaYdY7vzIlG5D87iDQCSfI
2012-11-11 12:44:35.616  ptbHQS/cEGWweOpDDOwp5hYxy5X+49v7DC1HUFKUcLR3oQw73q0dNMxtpzVfgNg+zvhunM6
2012-11-11 12:44:35.616  aS55+tT4idKtWJ1y53PUf3zCnO/hIhohnp9SGvL8numtMGcFg/3b9t+SBj0ca3NuZzvbKHd
2012-11-11 12:44:35.616  rpg30WxK3htwaqU+JRDrtJqOgnAUS3LixtQ+SIjJ3j0bbPrcvAfihjach5/pp85YSpI4vVM
2012-11-11 12:44:35.616  oHFgQqVbOkZkvqnyC0yq2h2csJWRvalLyhZLSik0+T3KkERcofZhwS9N89lsLVjxrrVbFhP
2012-11-11 12:44:35.616  OEquwJTlPZn4+CZfRVzNKs+VW4HAlFta2kqAaoLJcEsgkbKelghhL2nvCKCLSYu3cqfgzxu
2012-11-11 12:44:35.616  ita8bjAGbUviz9+HaE5n3Lwtg4b1Ciuy0qqNVFi0bNQjhmDcPfYiRbQFbdq1ql7bPyCXB1P
2012-11-11 12:44:35.616  v0WdOQd2BSTyT2TNETni+1UisUroRMMv/yLffcHIYFHzFjRNFHnBHZNeUtWywRS8unv+dd4
2012-11-11 12:44:35.616  NKW6Q7t3mhafJYxedn5IUi7SPDp1r0kb7Mlh4PP1AYzZGKAdsodcjwkTwH2hxxwC7/FzpOp
2012-11-11 12:44:35.616  hsZ9/6RIc/idLPAu/HRZ6bCqlyvsus1aczHIIK+KjL1+tlxW2xYL7Qc9UwPnGDxvaCSkT8Q
2012-11-11 12:44:35.616  YAA==
2012-11-11 12:44:35.616 
2012-11-11 12:44:35.616 This is a multipart message in MIME format.
2012-11-11 12:44:35.616 
2012-11-11 12:44:35.616 ------=_NextPart_000_002E_01CDC00A.3E464150
2012-11-11 12:44:35.626 Content-Type: text/plain;
2012-11-11 12:44:35.626 	charset="us-ascii"
2012-11-11 12:44:35.626 Content-Transfer-Encoding: 7bit
2012-11-11 12:44:35.626 
2012-11-11 12:44:35.626 77777777777777
2012-11-11 12:44:35.626 
2012-11-11 12:44:35.626 
2012-11-11 12:44:35.626 ------=_NextPart_000_002E_01CDC00A.3E464150
2012-11-11 12:44:35.626 Content-Type: text/html;
2012-11-11 12:44:35.626 	charset="us-ascii"
2012-11-11 12:44:35.626 Content-Transfer-Encoding: quoted-printable
2012-11-11 12:44:35.626 
2012-11-11 12:44:35.626 <html xmlns:v=3D"urn:schemas-microsoft-com:vml" =
2012-11-11 12:44:35.626 xmlns:o=3D"urn:schemas-microsoft-com:office:office" =
2012-11-11 12:44:35.626 xmlns:w=3D"urn:schemas-microsoft-com:office:word" =
2012-11-11 12:44:35.626 xmlns:m=3D"http://schemas.microsoft.com/office/2004/12/omml" =
2012-11-11 12:44:35.626 xmlns=3D"http://www.w3.org/TR/REC-html40"><head><META =
2012-11-11 12:44:35.636 HTTP-EQUIV=3D"Content-Type" CONTENT=3D"text/html; =
2012-11-11 12:44:35.636 charset=3Dus-ascii"><meta name=3DGenerator content=3D"Microsoft Word 14 =
2012-11-11 12:44:35.636 (filtered medium)"><style><!--
2012-11-11 12:44:35.636 /* Font Definitions */
2012-11-11 12:44:35.636 @font-face
2012-11-11 12:44:35.636 	{font-family:"Cambria Math";
2012-11-11 12:44:35.636 	panose-1:2 4 5 3 5 4 6 3 2 4;}
2012-11-11 12:44:35.636 @font-face
2012-11-11 12:44:35.636 	{font-family:Calibri;
2012-11-11 12:44:35.636 	panose-1:2 15 5 2 2 2 4 3 2 4;}
2012-11-11 12:44:35.636 /* Style Definitions */
2012-11-11 12:44:35.636 p.MsoNormal, li.MsoNormal, div.MsoNormal
2012-11-11 12:44:35.636 	{margin:0cm;
2012-11-11 12:44:35.636 	margin-bottom:.0001pt;
2012-11-11 12:44:35.636 	font-size:11.0pt;
2012-11-11 12:44:35.636 	font-family:"Calibri","sans-serif";
2012-11-11 12:44:35.636 	mso-fareast-language:EN-US;}
2012-11-11 12:44:35.646 a:link, span.MsoHyperlink
2012-11-11 12:44:35.646 	{mso-style-priority:99;
2012-11-11 12:44:35.646 	color:blue;
2012-11-11 12:44:35.646 	text-decoration:underline;}
2012-11-11 12:44:35.646 a:visited, span.MsoHyperlinkFollowed
2012-11-11 12:44:35.646 	{mso-style-priority:99;
2012-11-11 12:44:35.646 	color:purple;
2012-11-11 12:44:35.646 	text-decoration:underline;}
2012-11-11 12:44:35.646 span.E-MailFormatvorlage17
2012-11-11 12:44:35.646 	{mso-style-type:personal-compose;
2012-11-11 12:44:35.646 	font-family:"Calibri","sans-serif";
2012-11-11 12:44:35.646 	color:windowtext;}
2012-11-11 12:44:35.646 ..MsoChpDefault
2012-11-11 12:44:35.646 	{mso-style-type:export-only;
2012-11-11 12:44:35.646 	font-family:"Calibri","sans-serif";
2012-11-11 12:44:35.646 	mso-fareast-language:EN-US;}
2012-11-11 12:44:35.646 @page WordSection1
2012-11-11 12:44:35.646 	{size:612.0pt 792.0pt;
2012-11-11 12:44:35.646 	margin:70.85pt 70.85pt 2.0cm 70.85pt;}
2012-11-11 12:44:35.656 div.WordSection1
2012-11-11 12:44:35.656 	{page:WordSection1;}
2012-11-11 12:44:35.656 --></style><!--[if gte mso 9]><xml>
2012-11-11 12:44:35.656 <o:shapedefaults v:ext=3D"edit" spidmax=3D"1026" />
2012-11-11 12:44:35.656 </xml><![endif]--><!--[if gte mso 9]><xml>
2012-11-11 12:44:35.656 <o:shapelayout v:ext=3D"edit">
2012-11-11 12:44:35.656 <o:idmap v:ext=3D"edit" data=3D"1" />
2012-11-11 12:44:35.656 </o:shapelayout></xml><![endif]--></head><body lang=3DDE link=3Dblue =
2012-11-11 12:44:35.656 vlink=3Dpurple><div class=3DWordSection1><p =
2012-11-11 12:44:35.656 class=3DMsoNormal>77777777777777<o:p></o:p></p></div></body></html>
2012-11-11 12:44:35.656 ------=_NextPart_000_002E_01CDC00A.3E464150--
2012-11-11 12:44:35.656 
2012-11-11 12:44:35.656 .
2012-11-11 12:44:35.656 TCP Client has sent the message: DELE 3
2012-11-11 12:44:35.756 +OK
2012-11-11 12:44:35.756 TCP Client has sent the message: QUIT
2012-11-11 12:44:55.54 TCP Server Thread 8 has written the message: +OK POP3 server ready
2012-11-11 12:44:55.54 TCP Server Thread detected job: AUTH
2012-11-11 12:44:55.54 TCP Server Thread 8 has written the message: -ERR no valid command
2012-11-11 12:44:55.54 TCP Server Thread detected job: CAPA
2012-11-11 12:44:55.54 TCP Server Thread 8 has written the message: -ERR no valid command
2012-11-11 12:44:55.55 TCP Server Thread detected job: USER mett@bla.de
2012-11-11 12:44:55.56 TCP Server Thread 8 has written the message: +OK password required for user 'mett@bla.de'
2012-11-11 12:44:55.56 TCP Server Thread detected job: PASS mett
2012-11-11 12:44:55.56 TCP Server Thread 8 has written the message: +OK mett@bla.de has 3 massages
2012-11-11 12:44:55.57 TCP Server Thread detected job: STAT
2012-11-11 12:44:55.57 TCP Server Thread 8 has written the message: +OK 3
2012-11-11 12:44:55.57 TCP Server Thread detected job: LIST
2012-11-11 12:44:55.57 TCP Server Thread 8 has written the message: +OK 3 messages
2012-11-11 12:44:55.57 TCP Server Thread 8 has written the message: 1 28
2012-11-11 12:44:55.57 TCP Server Thread 8 has written the message: 2 28
2012-11-11 12:44:55.57 TCP Server Thread 8 has written the message: 3 28
2012-11-11 12:44:55.57 TCP Server Thread 8 has written the message: .
2012-11-11 12:44:55.58 TCP Server Thread detected job: UIDL
2012-11-11 12:44:55.58 TCP Server Thread 8 has written the message: +OK
2012-11-11 12:44:55.58 TCP Server Thread 8 has written the message: 10Md2Yo-1Tod8Y2LSs-00IIgn.txt
2012-11-11 12:44:55.58 TCP Server Thread 8 has written the message: 20MgdOF-1TirqW0Tix-00NdZF.txt
2012-11-11 12:44:55.58 TCP Server Thread 8 has written the message: 30MU0A5-1Txjty1Hk1-00QXs6.txt
2012-11-11 12:44:55.58 TCP Server Thread 8 has written the message: .
2012-11-11 12:44:55.58 TCP Server Thread detected job: RETR 1
2012-11-11 12:44:55.59 TCP Server Thread 8 has written the message: +OK
2012-11-11 12:44:55.611 TCP Server Thread detected job: DELE 1
2012-11-11 12:44:55.611 TCP Server Thread 8 has written the message: +OK message 1 deleted
2012-11-11 12:44:55.611 TCP Server Thread detected job: RETR 2
2012-11-11 12:44:55.611 TCP Server Thread 8 has written the message: +OK
2012-11-11 12:44:55.641 TCP Server Thread detected job: DELE 2
2012-11-11 12:44:55.641 TCP Server Thread 8 has written the message: +OK message 2 deleted
2012-11-11 12:44:55.641 TCP Server Thread detected job: RETR 3
2012-11-11 12:44:55.641 TCP Server Thread 8 has written the message: +OK
2012-11-11 12:44:55.671 TCP Server Thread detected job: DELE 3
2012-11-11 12:44:55.671 TCP Server Thread 8 has written the message: +OK message 3 deleted
2012-11-11 12:44:55.681 TCP Server Thread detected job: QUIT
2012-11-11 12:44:55.681 TCP Server Thread 8 has written the message: +OK POP3 Server singing off
2012-11-11 12:45:05.811 +OK POP server ready H miweb116
2012-11-11 12:45:05.821 +OK POP server ready H miweb116
2012-11-11 12:45:05.821 TCP Client has sent the message: USER fhtestmailer@web.de
2012-11-11 12:45:05.872 +OK password required for user "fhtestmailer@web.de"
2012-11-11 12:45:05.872 TCP Client has sent the message: PASS fhtestmailer123
2012-11-11 12:45:06.002 -ERR login only every 720 seconds allowed
2012-11-11 12:45:06.002 TCP Client has sent the message: QUIT
2012-11-11 12:45:36.066 +OK POP server ready H miweb016
2012-11-11 12:45:36.066 +OK POP server ready H miweb016
2012-11-11 12:45:36.066 TCP Client has sent the message: USER fhtestmailer@web.de
2012-11-11 12:45:36.107 +OK password required for user "fhtestmailer@web.de"
2012-11-11 12:45:36.107 TCP Client has sent the message: PASS fhtestmailer123
2012-11-11 12:45:36.217 +OK mailbox "fhtestmailer@web.de" has 0 messages (0 octets) H miweb016
2012-11-11 12:45:36.217 TCP Client has sent the message: STAT
2012-11-11 12:45:36.297 +OK 0 0
2012-11-11 12:45:36.297 TCP Client has sent the message: QUIT
2012-11-11 12:46:06.363 +OK POP server ready H miweb011
2012-11-11 12:46:06.363 +OK POP server ready H miweb011
2012-11-11 12:46:06.363 TCP Client has sent the message: USER fhtestmailer@web.de
2012-11-11 12:46:06.404 +OK password required for user "fhtestmailer@web.de"
2012-11-11 12:46:06.404 TCP Client has sent the message: PASS fhtestmailer123
2012-11-11 12:46:06.514 -ERR login only every 720 seconds allowed
2012-11-11 12:46:06.514 TCP Client has sent the message: QUIT
2012-11-11 12:46:27.947 TCP Server Thread 9 has written the message: +OK POP3 server ready
2012-11-11 12:46:27.947 TCP Server Thread detected job: CAPA
2012-11-11 12:46:27.947 TCP Server Thread 9 has written the message: -ERR no valid command
2012-11-11 12:46:27.947 TCP Server Thread detected job: USER mett@bla.de
2012-11-11 12:46:27.947 TCP Server Thread 9 has written the message: +OK password required for user 'mett@bla.de'
2012-11-11 12:46:27.947 TCP Server Thread detected job: PASS mett
2012-11-11 12:46:27.947 TCP Server Thread 9 has written the message: +OK mett@bla.de has 0 massages
2012-11-11 12:46:27.947 TCP Server Thread detected job: STAT
2012-11-11 12:46:27.947 TCP Server Thread 9 has written the message: +OK 0
2012-11-11 12:46:27.957 TCP Server Thread detected job: QUIT
2012-11-11 12:46:27.957 TCP Server Thread 9 has written the message: +OK POP3 Server singing off
2012-11-11 12:46:36.571 +OK POP server ready H miweb009
2012-11-11 12:46:36.571 +OK POP server ready H miweb009
2012-11-11 12:46:36.571 TCP Client has sent the message: USER fhtestmailer@web.de
2012-11-11 12:46:36.622 +OK password required for user "fhtestmailer@web.de"
2012-11-11 12:46:36.672 TCP Client has sent the message: PASS fhtestmailer123
2012-11-11 12:46:36.972 +OK mailbox "fhtestmailer@web.de" has 0 messages (0 octets) H miweb009
2012-11-11 12:46:36.972 TCP Client has sent the message: STAT
2012-11-11 12:46:37.032 +OK 0 0
2012-11-11 12:46:37.032 TCP Client has sent the message: QUIT
2012-11-11 12:49:51.242 TCP Server Thread 1 has written the message: +OK POP3 server ready
2012-11-11 12:49:51.242 TCP Server Thread detected job: CAPA
2012-11-11 12:49:51.242 TCP Server Thread 1 has written the message: -ERR no valid command
2012-11-11 12:49:51.242 TCP Server Thread detected job: USER mett@bla.de
2012-11-11 12:49:51.252 TCP Server Thread 1 has written the message: +OK password required for user 'mett@bla.de'
2012-11-11 12:49:51.252 TCP Server Thread detected job: PASS mett
2012-11-11 12:49:51.252 TCP Server Thread 1 has written the message: +OK mett@bla.de has 0 massages
2012-11-11 12:49:51.252 TCP Server Thread detected job: STAT
2012-11-11 12:49:51.252 TCP Server Thread 1 has written the message: +OK 0
2012-11-11 12:49:51.252 TCP Server Thread detected job: QUIT
2012-11-11 12:49:51.252 TCP Server Thread 1 has written the message: +OK POP3 Server singing off
2012-11-11 12:52:47.278 TCP Server Thread 2 has written the message: +OK POP3 server ready
2012-11-11 12:52:47.278 TCP Server Thread detected job: CAPA
2012-11-11 12:52:47.278 TCP Server Thread 2 has written the message: -ERR no valid command
2012-11-11 12:52:47.278 TCP Server Thread detected job: USER mett@bla.de
2012-11-11 12:52:47.278 TCP Server Thread 2 has written the message: +OK password required for user 'mett@bla.de'
2012-11-11 12:52:47.278 TCP Server Thread detected job: PASS mett
2012-11-11 12:52:47.278 TCP Server Thread 2 has written the message: +OK mett@bla.de has 0 massages
2012-11-11 12:52:47.278 TCP Server Thread detected job: STAT
2012-11-11 12:52:47.278 TCP Server Thread 2 has written the message: +OK 0
2012-11-11 12:52:47.278 TCP Server Thread detected job: QUIT
2012-11-11 12:52:47.278 TCP Server Thread 2 has written the message: +OK POP3 Server singing off